3 99 281 45
3 113 230 291
3 91 222 112
3 227 172 181
3 13 122 219
3 7 39 35
3 286 277 199
3 184 3 20
3 218 64 255
3 4 14 238
3 21 209 265
3 168 128 196
3 127 26 223
3 58 174 31
3 108 29 266
3 24 188 242
3 299 53 250
3 296 82 292
3 216 93 78
3 267 61 264
3 294 268 106
3 167 146 51
3 263 214 12
3 8 109 289
3 290 202 115
3 107 157 152
3 65 191 55
3 103 163 155
3 234 86 141
3 133 254 59
3 246 158 182
3 220 177 67
3 134 121 104
3 0 27 145
3 224 40 192
3 72 239 142
3 44 32 71
3 193 96 43
3 187 170 176
3 60 217 280
3 161 241 154
3 210 28 228
3 105 244 66
3 56 284 252
3 79 140 100
3 34 50 215
3 275 6 17
3 200 253 288
3 110 207 297
3 19 117 30
3 156 283 120
3 171 204 126
3 36 22 256
3 198 68 206
3 179 118 251
3 260 195 262
3 85 90 47
3 249 235 231
3 92 236 279
3 203 147 186
3 87 160 97
3 15 237 233
3 129 102 229
3 137 76 272
3 62 295 143
3 95 111 37
3 125 73 240
3 180 201 1
3 225 23 194
3 221 269 270
3 116 5 135
3 232 101 69
3 88 70 94
3 41 190 46
3 148 243 123
3 285 139 293
3 136 282 189
3 75 298 208
3 144 197 178
3 273 185 49
3 57 25 84
3 150 119 153
3 18 114 278
3 33 124 173
3 261 89 9
3 74 48 77
3 259 98 52
3 226 81 257
3 166 258 211
3 213 248 151
3 164 271 247
3 159 42 149
3 38 11 169
3 80 10 132
3 63 287 274
3 54 138 175
3 162 131 2
3 276 83 165
3 245 16 183
3 212 205 130
