25 4008 2424 4233 6069 4029 7548 9195 7316 52 8134 5073 2205 1982 2563 9181 4001 3801 9455 7625 5784 4179 792 1408 5647 4277
25 5497 567 608 3475 8575 7665 993 6367 9611 7949 8767 7807 473 8873 2682 3342 1155 6611 4783 9777 9873 7044 5551 1576 4133
25 5406 5237 5282 3058 7211 1886 8300 8610 1831 9157 3606 3251 7402 8061 4619 5980 205 158 2168 6892 2435 8893 1043 8138 6257
25 8395 3546 7792 4826 8128 7162 5405 2035 5709 6389 5582 9498 6486 449 1165 6511 4945 9892 4488 8639 7055 2877 1536 7702 5230
25 1735 1984 8786 6128 2000 2119 4355 2515 3044 5040 4893 3536 2017 1827 1671 27 3198 6144 3678 5800 6097 6390 6979 7818 2410
25 187 1438 4575 3816 381 6133 4300 7604 8103 1612 7630 3625 1314 6142 7974 5336 7578 8600 5126 8880 1481 8222 5581 1488 1359
25 9291 7889 6804 6186 2999 3169 9070 5070 76 9513 543 1834 1065 6707 1750 5456 4362 6632 404 3240 5928 9703 3762 9876 8098
25 4601 3276 200 1997 3325 4017 5951 9248 9074 9300 8960 1624 6102 9244 7753 8927 2676 5997 9468 960 4545 265 1479 9387 8057
25 2432 477 248 2497 9738 6313 5426 5915 1348 2835 6138 366 8025 4614 1789 6324 7838 2666 4271 7478 4743 1133 2193 7215 5790
25 6695 7186 8978 1252 2997 5043 9975 1220 365 7525 216 515 694 2996 6811 7012 6309 7336 6259 7181 9243 5322 3310 6978 5821
25 219 3640 1267 6818 4544 1441 3785 5452 4689 698 1756 5640 8997 9079 6286 8753 1151 1732 9713 7827 9953 3002 8948 7496 3480
25 4094 6654 8203 4285 152 8037 4331 9822 2958 7389 8646 122 9780 8969 9055 3000 3943 7858 8633 413 1184 4180 240 7112 5939
25 2507 6740 9559 8823 9064 4021 9234 7805 2907 6181 3356 9231 3016 534 2462 4176 1816 2387 8733 2562 6341 2886 6057 9369 4177
25 554 19 5517 4830 6703 7636 9964 4397 1096 484 9085 1772 293 7853 2274 8016 2183 9903 2647 9905 8144 1645 4735 2880 8453
25 3457 6924 3510 5888 2181 5766 6172 4969 550 6253 1876 3416 1953 201 7839 1119 5807 5194 9279 3020 3837 1812 4901 7303 1701
25 222 8149 4833 4064 4291 4986 5279 5835 1561 4981 754 8475 1050 6204 470 5607 6555 1648 5549 4367 182 810 3028 8959 8690
25 6115 5491 2147 6634 8187 1263 4617 5021 6800 5155 6810 6609 2142 2719 7848 9017 7925 1616 7038 1172 1788 9223 2843 9782 5547
25 9393 1630 5006 3605 378 85 3952 286 5481 4014 67 3065 1882 2068 9350 7500 9855 6918 7067 1798 7821 60 5311 7568 6350
25 7463 9402 2681 5712 3370 708 7216 508 938 7806 3534 9292 4032 8246 5738 723 5585 9618 6957 1506 5127 3626 9129 4531 2203
25 7141 9405 965 802 5783 1294 6971 7103 7508 6211 3948 1073 2308 7461 3195 7591 3385 5826 8497 1070 4580 9184 4697 3853 2322
25 3156 6849 8351 7172 4659 646 3793 8014 2264 2804 4038 2851 9943 8842 7966 1265 8196 8065 1540 4108 1490 5429 4886 2698 1718
25 1528 1637 4164 4404 3270 9273 5962 4895 4062 5176 6452 1041 6874 9704 8584 6347 6315 5505 3996 8964 4509 783 107 1115 59
25 1757 6199 7546 7567 9712 9276 553 8214 7872 1861 9407 5872 1850 6539 7072 7175 8135 2569 3695 1915 1549 5252 4242 2656 6721
25 6466 7140 6875 7196 330 1565 691 2407 8026 2370 6488 6281 5733 1932 154 735 6154 3642 9115 9525 9294 7214 4918 6246 1082
25 1867 5743 150 6710 2409 595 7693 847 3673 4654 4562 6116 6846 7137 6947 9853 9588 7979 8677 4574 6440 4519 9775 82 9097
25 9216 2079 1010 2856 1465 1487 115 4491 7167 1871 5140 4985 4878 1538 7124 1375 3223 6577 1754 2131 6011 2946 7863 9215 8718
25 2941 7687 3354 7323 8530 3215 8970 6460 1692 8918 6290 3494 512 3567 4529 9621 9522 336 165 1542 7705 3003 7163 2794 6210
25 1066 8213 4635 9353 4493 2304 6716 9388 3905 4086 1747 5715 3159 3660 2354 745 7240 358 7992 7491 7955 9555 2683 1579 5390
25 2429 7455 6455 6029 3414 4555 7309 2867 2246 4221 7566 7626 3968 8432 5687 5132 4524 7023 6936 7963 9521 5685 667 635 3975
25 2316 1227 6053 4228 753 9158 4756 4247 3851 4550 5133 2850 1342 5320 8252 6709 5149 3517 4022 747 5146 7946 6693 9878 5280
25 6424 9974 209 9769 1222 6089 3746 4944 5101 8326 8307 357 2364 3237 4517 2965 8002 7908 4178 351 5121 111 4310 7751 170
25 5717 3459 6125 596 7246 7041 5847 7873 7422 9734 7587 3222 3300 5019 7543 3361 7887 4023 3177 3273 8579 3995 5362 7069 1254
25 8509 902 212 4602 92 7282 106 1051 2052 6059 6363 8576 9661 6264 5796 2027 2149 8912 373 6954 9005 8275 2730 2185 2618
25 8342 8699 6307 9254 9182 6762 3434 6582 1709 8551 11 3201 7944 1382 9431 2334 868 1089 6109 8269 5657 1935 4752 5494 2862
25 6160 2026 4673 2934 9171 4541 8272 9612 3874 3722 3714 2595 2777 3484 738 1990 7893 1712 1258 6194 3868 1467 7784 9818 8517
25 3471 8435 3403 3915 9065 8116 1725 8645 5610 893 6953 5958 9533 3630 1941 4817 1505 2803 7828 6792 8295 6291 6045 9650 1923
25 8698 9166 9503 6922 7685 8403 826 7143 8952 4821 8650 4698 8817 5729 9616 850 888 5574 8769 3720 8092 2985 2211 3264 1805
25 5402 5227 7406 2425 6615 292 1864 3798 9624 9362 9784 1031 6226 5575 250 4191 8392 9236 5762 891 7359 7369 2170 6434 994
25 2559 8489 3865 5347 9341 6132 1700 5770 8494 2670 991 4979 1253 1572 9725 2646 5832 3769 62 5788 5644 1419 9210 4778 3850
25 9670 4511 7373 6842 6601 9645 2505 7829 4773 7341 692 8067 7734 6859 8317 2499 5706 2800 2002 8066 4434 6368 2583 5312 9176
25 769 8557 41 1508 1245 3102 1412 1429 7045 5527 7750 6167 6773 2700 1164 5035 2459 2317 1742 4447 4174 9956 8082 7649 1001
25 1879 3329 7255 1386 8445 3513 5260 4638 2234 2601 6165 434 8304 6948 7107 654 1687 5412 2258 3348 2746 1202 3529 8726 6060
25 3817 1447 6756 9705 1175 4990 1081 249 5394 4690 5042 283 5502 4804 2739 7201 2549 4837 9125 2379 4760 5345 8216 86 1207
25 1833 8449 1959 6000 7208 4605 4274 8413 3782 9754 1283 1275 8539 4144 9111 8732 3823 3900 3581 8418 5410 8205 8888 9765 1210
25 2774 9544 9944 6058 6402 7730 254 4907 355 10 1741 7599 3078 53 6131 7721 3730 3953 3552 8655 8364 3644 3304 6481 3749
25 5324 3005 245 7557 2250 4639 2360 6197 30 4566 7842 3323 589 7962 7063 2871 5468 1413 5671 269 7859 5812 4611 5232 3514
25 8086 864 4980 9795 9751 4607 5803 3909 342 8150 4055 6983 4316 877 9732 3481 7056 6230 7774 8752 4928 6614 5596 4140 1055
25 3607 7320 9282 3193 6537 4256 3622 4046 9328 793 3753 8074 4237 8569 7377 8241 2158 7200 8678 7257 5787 5894 3369 4904 472
25 3025 3148 8224 483 8609 2817 7150 9238 5462 8007 3186 9142 2189 3152 870 5181 8709 8202 1126 1808 7290 8923 8488 1898 6113
25 8406 2538 2539 57 4806 6270 2602 7971 7488 7866 3282 134 1296 6977 3483 6337 1578 3771 9529 9443 1582 7412 317 2456 795
25 3090 658 3601 1326 7034 9737 6237 118 1292 9056 6375 5191 2956 3813 5882 5490 9959 2801 4480 4294 9520 623 1497 1341 406
25 741 4877 9385 1873 376 494 8585 2565 2248 1907 4128 1870 1854 3352 9572 9762 8052 7027 9040 3189 1112 8411 1295 4522 8594
25 606 6662 5954 5477 6886 9684 2884 7915 130 4675 1328 6861 4710 8247 2485 8828 8966 2483 3303 6508 4616 2064 7183 70 325
25 6412 3384 8382 8991 9116 6336 3770 7532 1271 4470 2935 8933 6325 7583 8362 4572 6362 1397 4142 9271 4551 4041 6148 6294 5848
25 4071 7553 7975 6220 4940 3958 1721 1309 6885 8481 6240 5537 7340 385 2494 1596 8318 2932 3515 5624 3486 7938 5964 3688 8337
25 5868 5060 2780 8868 5650 5660 578 9741 9379 7065 618 4198 3359 9395 2365 9009 8885 5397 5912 5634 1552 7052 9168 6664 998
25 6541 9306 5757 665 7922 8273 8694 6297 6103 9968 2137 4591 6655 2413 6801 6827 1623 8457 5884 4422 5836 5667 4149 8078 1293
25 2313 4475 3334 7277 102 2802 8220 7176 8182 8225 5472 4312 5597 2279 7969 1906 8944 2342 8206 2188 2067 8195 8152 7896 3069
25 8420 1170 1030 1843 8768 1676 4724 8644 6562 5163 3163 1130 276 5080 5963 6637 3320 8660 3890 9197 6411 1802 2998 5874 3408
25 8708 3197 2511 6413 8042 9134 6374 9478 6386 2938 4002 8906 8656 5849 9914 7728 2124 3096 9745 3882 5515 3287 5395 3863 9860
25 117 2233 1121 3375 208 7135 8245 9553 5959 2 2959 5139 3489 4874 8829 2733 3506 9907 9308 6890 3604 7343 5533 1972 9770
25 2912 8290 3512 1963 2741 1613 9019 9701 6921 9508 3470 2960 8250 4597 815 1237 2572 6972 3094 9590 3683 6445 9797 2457 6650
25 672 1384 3989 3108 2470 2852 9900 5632 8237 6684 5999 1783 5475 4915 2447 2012 340 7304 6599 8837 4129 4769 2592 679 5471
25 837 5572 8338 4020 9538 6896 1325 7770 2893 7142 9351 238 7018 5763 4082 2381 6564 3209 1927 4298 6300 8352 1095 8622 4160
25 4377 7287 8370 2305 9492 9068 7315 9566 3862 586 9778 2506 6733 1371 3844 3590 5330 3706 5229 1404 1545 844 598 9259 6795
25 2869 627 2198 9575 2754 2771 4477 7984 2630 9607 7672 7007 8127 5722 227 4187 2489 931 8408 5354 7739 2307 4540 8363 6750
25 7849 3918 6200 7934 8854 91 3099 6727 3765 7164 4235 9643 7321 539 4762 1621 1434 6549 1691 8124 4391 7051 13 5294 9990
25 6198 3160 4867 290 2323 3940 5087 1710 7726 4685 9421 7570 5482 9348 963 5498 5355 3467 8483 8625 1366 2474 6958 8226 4716
25 4435 9595 6265 5719 4645 2578 1475 3895 6808 6203 3428 405 4067 5098 1606 2590 6691 9445 5843 7159 5075 2361 7165 5855 5179
25 5300 699 442 9549 354 2126 9075 5514 5211 412 4009 6171 9697 6763 4036 4740 2476 9261 6040 8619 99 5024 9061 7424 5682
25 5934 4693 9078 2031 5371 2320 9440 1752 3372 7384 6353 8725 1690 7313 2242 2010 743 4240 7358 4380 5469 1903 1452 6465 1261
25 9187 7810 6741 5955 6446 2171 3839 5033 7493 576 3221 5785 1597 4521 4234 5741 2403 5795 4465 1987 1219 7603 401 5446 8113
25 2571 8484 1588 5686 1667 9981 6672 2121 2191 9934 6920 3447 3856 801 6560 2555 5945 7736 1360 9343 6828 4700 1301 2814 7533
25 9313 6329 3368 6021 9872 1346 3165 7498 402 8017 3292 9355 7217 1901 6289 668 9883 3822 1241 3835 869 4968 6685 1826 3586
25 4059 5213 4112 9349 5433 7425 821 3499 4314 4263 6462 2175 9250 8281 8971 4370 6554 6371 5177 4814 7836 9773 2806 8606 8120
25 9626 1332 7768 6430 1557 7477 1415 2680 3425 880 7259 6692 4789 6600 9389 6001 2493 5378 7845 345 9660 5895 6876 2411 8941
25 7657 5359 4502 1723 1106 7239 189 1179 2846 1199 8974 1402 1145 6855 9295 6667 4341 5916 6166 8208 1374 955 8879 2608 3110
25 9799 9733 2230 4482 4953 5837 7729 3086 5725 1424 3877 279 3828 7179 972 334 8172 5206 2069 5927 6701 1726 9486 1958 7133
25 1724 7711 9556 951 1647 9546 2173 2948 808 7624 3340 257 173 155 2712 3018 878 5053 2083 1028 7597 1129 4996 6052 8947
25 3988 190 4794 2216 3807 3338 3227 9031 9720 7967 1842 1307 4898 1567 2552 4684 1361 8365 8032 1426 5750 314 2697 3111 6191
25 6670 1024 1527 7662 2551 7595 8560 523 7680 320 3293 9880 6414 786 6738 5128 1432 6500 6732 1575 3322 6598 7563 4641 3929
25 585 2296 277 2112 4205 5695 7445 9896 6134 5486 8140 9337 3913 6803 2351 5448 6303 7910 7421 1445 6217 8666 540 3781 5857
25 9325 8739 8440 8614 2059 4326 6491 4800 6838 1774 776 5032 4647 7551 9708 3881 9323 7139 6797 411 3254 2628 3417 2376 6152
25 622 6558 4815 5892 6538 2434 674 6426 6319 9219 918 6970 3266 7405 9510 4336 5215 5546 9519 6826 8139 8398 4445 749 7527
25 6965 6110 697 8285 895 7448 2640 5550 9789 6642 4777 5284 7195 3980 500 8936 63 3815 2727 8389 2747 4861 2287 6080 263
25 8329 8323 2904 8766 6034 8167 9539 5009 9859 7120 8460 928 2939 4876 9327 7449 917 7970 8409 6520 5489 7039 4079 2289 1653
25 4309 9649 5554 8637 8831 7019 9505 4677 4224 3127 5005 1501 77 8068 9372 4478 6256 346 7634 4922 5096 8849 7951 431 6016
25 8703 2714 2642 3566 6638 9647 9812 5219 3498 7763 7547 78 806 2903 528 7408 520 4755 6964 7059 6287 8943 2210 5798 3064
25 5445 8425 9602 601 313 9165 6657 2885 3278 8063 1921 9955 1918 2834 1011 114 2222 3794 5144 882 4375 6986 9792 7985 1226
25 3168 7156 2074 4613 6048 5169 4398 5824 6596 3846 688 5097 2204 9447 3061 8233 4030 9398 848 5974 9439 5435 2277 1865 4013
25 7957 8055 8462 956 9819 4713 4888 7903 2548 9368 338 8903 4442 7653 9423 5483 2466 6671 7199 33 7947 8096 360 4451 722
25 1353 3540 4717 7698 8188 1422 1620 7817 9810 2636 1395 3487 4810 4258 7584 8399 7378 2201 2707 522 8046 5130 2554 8897 4799
25 1978 8073 2973 9871 6584 2209 3675 6904 536 4916 7791 2213 4173 6530 7661 2162 2038 4581 3479 6236 7469 1813 8282 5361 737
25 8189 2006 4836 1601 9410 8228 969 5076 2366 2042 2452 5259 261 9629 6802 6545 9342 9728 1063 8894 9984 4226 1425 7138 9374
25 113 2791 3786 5566 9477 8951 2753 5526 163 4085 6726 3699 4881 8822 2913 6588 9050 8349 3131 9502 148 5248 5978 5455 4042
25 1138 3951 2657 977 2981 39 9133 4853 1539 4121 4543 3256 3299 1933 3777 3908 162 75 3954 8608 1739 6032 8581 1327 8087
25 3167 4537 6879 5303 2033 9846 3648 8664 8109 9155 1822 4845 7260 7802 3353 7675 6075 192 9551 5776 9692 5949 5239 2073 6507
25 6807 6457 7314 4088 8368 7916 5045 4584 929 2513 9302 7507 3072 3010 4322 7921 7997 1704 9760 3179 4413 259 6998 8265 675
25 6044 4648 5920 6340 5267 3530 2453 1896 5386 8661 8108 6833 7735 7549 2582 7155 8417 8287 367 5897 1059 5209 3677 1093 2271
25 2278 9090 5996 2440 6523 8785 2362 1476 4068 4472 3776 1905 8325 7397 8583 2283 7247 3089 5588 9417 1848 9585 3035 4883 295
25 5086 7864 6164 2132 5428 4366 3867 3754 7749 2909 9541 8961 5002 1026 9597 6126 3587 3668 2705 6592 4181 31 1586 8211 1887
25 6694 7704 128 417 4587 5050 3524 4105 5700 9299 6974 5919 2039 8258 9293 331 3383 2022 9603 3899 7539 4230 762 9461 5029
25 9901 7230 4154 5756 823 6213 8998 138 8160 3079 1320 17 6604 3650 1187 3684 9895 8604 2723 971 9203 7509 0 3335 1318
25 3307 9985 1223 172 5601 1181 8996 4498 7267 6806 1308 1217 3979 3391 556 3955 954 8084 6586 3219 6401 6349 8925 3543 1009
25 7913 3891 718 9450 8367 5701 3646 3469 2179 3547 2501 728 7914 2186 4831 9591 3355 3884 6688 9008 9057 1698 2326 9004 8185
25 3693 9191 9045 2967 8236 3784 1942 7564 285 5768 3661 594 8270 6483 5524 1370 5118 6395 1526 51 755 3957 4126 5923 2845
25 519 7188 3430 5626 2352 6272 2386 1302 6910 947 5353 6366 356 8565 9594 8402 6072 588 1608 4284 6501 2161 6273 3400 7601
25 7429 726 3830 846 572 1250 461 5356 2346 2713 7220 3748 8669 1719 185 9565 1975 5938 1520 4864 7833 9280 108 8722 4553
25 1273 6658 3068 4558 611 5409 6082 3735 4634 3761 4768 3123 9183 3088 2545 6382 2454 1766 54 8499 5831 2458 5202 2300 1304
25 1794 3029 9874 9735 9037 7263 5014 3305 7614 5373 2504 8616 4852 7417 253 1717 2081 5594 6369 2692 9391 4231 3641 5637 1003
25 5161 5112 7248 119 3112 2919 4497 3155 9226 4426 2051 9706 9224 6318 6027 5401 4238 3768 5989 5676 2970 1077 4729 2172 9131
25 2327 7180 1995 4050 2663 3117 7762 1391 2766 196 4060 8745 4912 9548 6906 7622 9802 5319 3933 2902 644 4052 8320 3791 8862
25 6663 3249 4255 4202 3789 8118 2543 6757 9687 9908 9378 5734 2768 8763 8954 5164 226 9932 5325 4766 8100 2219 3520 7001 6458
25 157 3651 2455 9104 8795 853 9962 1872 281 8793 6888 4489 22 7292 1053 3452 5761 1807 4146 2709 2878 6096 9454 2138 3043
25 2020 5727 9666 3050 4245 3468 5193 2906 272 6839 5801 6444 1266 1770 3920 2336 7695 5010 8985 725 8515 5242 5254 5474 5063
25 7499 5971 3461 3739 5352 5124 2275 5967 4496 4087 2729 5704 5904 8165 6754 7400 7396 1971 3889 8000 2629 3627 9781 7289 5273
25 1178 892 1518 9164 2105 6956 1455 7370 9324 3463 9722 3139 9821 1444 6429 577 4738 7607 1080 7390 2865 6496 5737 1454 1722
25 375 5654 7666 8940 5228 3482 388 2467 4019 7006 6447 1387 5052 5326 7897 4166 7003 3440 4926 1517 8866 8369 3742 2221 7375
25 9847 6884 8784 9757 2787 9262 9186 121 4787 4539 5143 9113 1078 634 7362 4847 5084 3306 5321 5450 452 5845 5563 3665 7713
25 6783 8302 1804 8419 9610 5088 3261 4353 8159 202 4043 9163 3962 9828 139 2708 451 5315 2120 5924 9600 2550 8717 6911 3724
25 3444 9935 9011 5182 3502 8412 7066 2164 3173 3592 9103 5587 742 4512 4360 2688 6037 5618 2792 5151 3705 5926 6112 2312 8163
25 8675 3333 7927 7554 7492 9242 374 6882 1944 1656 9779 2109 4903 1035 6030 2420 9509 1737 8230 2637 5814 1728 7154 9940 2441
25 6961 5808 5890 95 2651 2831 5116 4989 7145 395 7077 5391 2461 42 8676 8720 8531 3023 6929 1242 2830 7202 4308 5057 2130
25 2356 9685 9255 3938 6526 6643 5553 2315 1603 6857 7645 8833 9331 6734 8039 5339 496 4192 6976 652 6435 7136 8648 2280 4338
25 1776 8566 6245 1755 8504 6597 1101 3394 5630 1911 575 6436 171 5093 487 6385 604 7895 5842 3037 5095 9668 1180 4506 5646
25 5885 8376 9012 1186 4450 3345 8485 2174 3450 5039 9376 4388 7939 6332 363 3337 5111 9582 8393 3100 7158 9336 1064 8308 8870
25 6649 7993 493 7312 7494 8876 6279 3228 8603 8988 5583 4569 970 8992 5106 1423 2974 8340 9098 6761 9601 5348 9793 4040 391
25 9563 1852 8448 9464 8529 1169 9027 509 6120 8627 7091 7904 7106 600 3577 1711 4816 2328 3324 3876 8441 3971 5077 8372 7766
25 2735 4873 3317 9289 3057 3775 2128 4031 8444 8293 8261 1047 1058 8689 5506 3412 6988 6310 8455 3084 1507 3343 2833 6881 6271
25 2008 5858 1200 8747 6101 2706 7837 4594 15 624 3115 1310 5309 7099 4560 6299 5346 6668 1659 7694 5544 8183 383 685 8178
25 6456 2426 502 6903 1845 5838 8617 9639 310 7502 9941 7538 9193 7605 9170 6215 5103 1162 9016 7523 2460 8724 8371 5058 8122
25 303 6747 8198 3554 4481 8523 7761 4857 6114 7149 2633 4168 9148 9929 1618 1451 5 1238 9332 7902 6193 3140 1514 9993 343
25 5716 3697 2957 615 982 6399 8263 5782 4722 8064 5262 1753 4632 9748 6490 9605 2617 5492 468 8577 9689 6631 5659 9317 7115
25 677 9820 530 1233 7464 4503 3981 1117 8148 7823 2341 239 859 3397 7327 8050 7060 5331 3297 8235 3745 2993 5937 4962 6748
25 4307 696 1955 7085 2140 7534 6081 2156 4564 3308 5532 1471 1286 3178 4289 4505 5893 6623 3357 9580 6343 8790 7035 2516 3478
25 2828 4546 2782 4782 4024 1537 7169 4206 6751 6963 9534 4809 510 8729 5639 7656 3713 4603 7644 8053 7540 3898 1147 7943 7783
25 1543 9452 9543 3585 3119 7276 9655 230 9106 7918 5464 909 4323 4902 973 4748 6660 2265 1091 2194 9887 7577 5753 790 4432
25 9140 9768 8254 1201 5674 7278 5298 9632 4561 2034 774 8601 693 6117 8525 4514 4889 4110 6408 7776 5972 5224 7991 7311 5631
25 4829 5710 7236 7442 6580 3439 6902 9950 9724 912 6625 7024 9112 7354 9899 7923 1706 7596 8756 8132 3922 4077 6973 3838 5125
25 273 4984 3263 856 6182 9364 514 352 9319 4499 2710 4805 6975 1889 7976 2894 6720 2071 7639 2807 4508 3265 1195 3712 4725
25 8102 3170 4665 8133 6966 1239 5679 3694 890 8218 5379 7615 1964 184 4754 9969 9437 9076 9715 2812 3488 488 3080 447 9334
25 6269 9137 5771 6567 2799 8665 3531 9496 8339 1464 4272 6262 9547 5705 5175 752 7031 5392 6071 3423 5869 1938 8838 8641 2134
25 4379 5721 9286 6498 3232 4958 4879 5099 9420 5559 5083 7788 9967 1749 7608 5905 3246 1205 6084 4313 4633 9690 1288 5436 3589
25 2883 9052 5214 4703 4101 1232 4792 3133 7334 7305 4523 4906 8524 5220 9755 7541 2155 9161 4680 1878 2096 1190 3113 9241 9673
25 3869 1874 9628 4869 415 1023 8780 2206 6140 2722 8775 2129 3130 50 5789 6162 8734 1333 4402 9891 4303 5833 8452 6258 1705
25 1560 8104 3462 7690 7438 1553 5809 2122 3496 3070 3182 1468 4464 8360 1672 25 2471 6254 9126 3302 3252 341 1278 3848 4091
25 7561 2520 5285 9634 6927 6618 6587 4884 3811 6036 3267 5444 5625 8314 814 335 2514 5414 1157 8702 480 4172 9198 3518 1547
25 1305 1323 2626 9485 9018 1762 629 7613 4824 8126 151 5292 8010 3395 4870 7930 827 7244 2849 7826 4556 9296 3871 8083 4348
25 8184 2523 7602 5351 6809 9177 6163 7080 7920 2375 946 8958 6565 1622 1167 5863 6531 3109 885 9606 6872 2905 4905 2200 3279
25 7862 5698 6360 6392 7386 7010 967 3421 5250 4608 7757 9988 9080 370 525 8045 5152 653 9149 2574 9622 197 8279 5758 7467
25 6952 1406 6669 782 5495 9392 1110 1338 4832 3295 2614 916 5512 5728 9665 9312 8422 7185 1244 7593 1899 3274 3571 7436 9281
25 1563 2422 284 9620 1733 775 4278 8288 9208 582 924 6816 7454 5068 6376 1124 8757 3834 9491 8765 9814 218 3923 6433 9227
25 2949 4706 3362 5511 645 6407 3465 1589 8072 7296 8755 5249 6176 4694 1446 1017 5802 2579 7157 630 4967 221 6627 1642 2691
25 9619 8586 3821 1628 3054 1369 5914 9082 7392 6821 2596 9460 1796 2789 8161 2030 7258 2202 6781 3071 2339 2703 5889 6840 8847
25 2695 5746 4349 9557 4372 5952 4819 7516 7654 7647 4264 1075 6679 5183 8844 3659 5759 4492 5726 2005 7423 6941 7673 1602 3723
25 6815 7020 6208 9512 3732 7816 7466 2898 3271 2621 4964 6083 999 3682 3960 9699 5109 571 3658 1795 6725 8251 4823 4683 9915
25 3410 3596 5540 6474 241 1453 4441 4714 9584 3269 3449 2244 3613 7273 9945 4155 2616 9174 3558 7324 712 4399 4759 7017 4158
25 6002 6502 5189 5816 6985 2745 2790 7234 8928 2037 6312 9816 1629 8381 3374 8478 621 838 2146 9999 4061 8468 7476 7899 9970
25 1993 7028 9274 1994 1627 4913 5400 9817 7609 6306 3847 7781 9727 7365 8121 641 7868 3153 3548 4431 9147 6573 4841 3719 5944
25 4679 2742 3066 506 3721 6805 2072 3986 7407 7004 5004 958 5357 6813 4122 3820 2111 9041 8712 1380 2353 9596 316 8327 9776
25 1105 2293 2399 8772 5422 3205 7576 2547 5708 612 695 9083 1140 1057 8946 7439 6759 7511 3716 9036 705 2764 6322 298 6170
25 2465 1228 9890 5668 8421 8190 382 4113 5256 5317 689 4997 1357 4621 5522 5255 5680 3125 8255 8355 1149 6373 2679 7537 1559
25 7640 5358 6202 2382 7994 1331 4045 6156 7793 5519 7935 1534 4919 7076 5968 8668 9093 8570 981 4287 299 5407 3931 7042 2724
25 4150 6752 5507 6749 4704 7342 4130 4775 4211 6775 4486 6873 8153 125 3736 760 6370 9893 3226 7487 4458 7458 9120 1892 1418
25 9913 2915 9633 8791 9138 2979 8542 1820 857 8911 7650 2854 1116 7619 5568 8623 6351 4081 8751 7317 6136 5044 5536 3134 710
25 2135 5875 5541 9702 8173 7256 7513 8075 1541 9574 5171 4547 4265 8283 1853 8201 3491 3183 2369 4596 2080 8696 926 8008 4987
25 4839 2603 1421 3783 8546 2076 9272 6067 7414 3216 3404 744 5548 985 3136 4526 2496 9253 2363 8983 7696 7869 948 4 4156
25 4066 1609 4624 7874 8034 3760 8869 1790 538 93 2859 8621 5778 5349 1388 8496 291 426 4627 123 6107 5051 7814 430 231
25 5970 3409 1970 4250 6357 7856 379 6865 1679 2021 2740 6863 9739 3982 441 727 2820 6646 5266 1759 6477 3942 9714 3012 6288
25 7229 5510 3426 4405 2207 3759 4971 1433 7926 3992 7132 2159 7521 1740 7982 5840 1657 2533 6428 3175 3633 8683 5718 4844 8527
25 5649 4455 1908 9042 2900 9570 6593 6218 8830 9785 8590 7046 456 855 6175 7815 3318 3118 7241 526 5048 5003 9196 6533 7111
25 3743 1860 5025 4705 832 6251 6737 7271 8691 2444 5340 6830 6137 875 80 8776 7212 9501 6049 1085 9309 4134 5591 3928 4047
25 5222 9996 8157 6856 3038 907 4588 8401 275 3967 2390 8986 2016 8672 9448 7945 829 8356 5454 8635 8825 9493 8538 1522 9354
25 3667 7398 1564 950 2178 6570 9101 3146 3997 8366 3077 2837 467 1786 1654 7447 8231 4342 2824 4417 2823 3681 6782 9614 8375
25 8962 4437 9030 2167 8194 380 6283 3843 6915 1715 8268 4044 1551 2197 9740 6079 5823 9904 312 3056 2490 5431 6959 587 3994
25 7475 8029 1363 5602 9118 6280 9809 2107 7366 4772 6779 9658 4430 7886 9425 9471 6661 3087 3504 7170 7740 5138 7026 8137 5720
25 88 8787 4194 9109 7253 4063 9249 9089 5635 1771 8492 103 4567 3330 8006 3538 8771 3472 9124 7544 7484 5922 6955 4479 7460
25 5192 7471 332 5240 4914 3970 6188 6999 6848 9826 7363 8591 4970 4423 748 3419 1049 1174 7980 1161 4530 2145 9749 4695 6919
25 6381 5818 7379 3972 7692 5457 9424 6178 4074 6519 6820 887 5168 7385 198 7844 551 7892 4943 7559 4994 9390 4976 3591 9638
25 7119 6851 428 5158 8615 1311 9284 6393 819 2309 9114 3141 3406 9363 2522 787 6787 2826 3427 8180 8994 3797 2421 4568 9906
25 6277 7612 7347 7668 7785 6422 6331 2972 4072 4340 3999 2344 3495 223 2263 7280 3151 9535 4131 8949 8451 6844 6943 9396 7182
25 1040 1635 3603 3114 5291 5913 74 5221 3752 3556 8516 1042 8359 4276 7598 2980 4708 2469 9099 5467 6448 6015 9747 2677 6127
25 84 5034 2690 3795 5107 1352 7988 8266 6868 5909 4851 4136 5561 2943 9801 4960 5518 1107 9615 9885 1801 4691 662 1573 5398
25 4758 1013 5205 2896 2927 8597 7457 9077 1393 5208 2561 8437 9978 9275 1769 6860 7233 5509 7526 8663 4161 8503 7228 8396 8331
25 3692 1090 6255 3022 6648 8595 6832 6416 6391 83 1383 3011 9470 1824 2524 7299 1950 6295 7518 486 3698 7087 7350 3229 4145
25 719 4200 1904 3319 1281 3364 4552 5941 1598 2319 6184 1714 6829 619 8887 3091 9204 4949 7473 5276 7437 5846 4203 9717 465
25 2920 3245 368 1685 2217 3451 8257 2043 9143 3443 8692 836 3262 9835 3376 8930 9344 3726 9404 6889 1086 1658 9 3611 20
25 4894 5615 9965 989 5678 1349 7555 6333 1392 3135 8400 5072 809 7871 4262 7291 4917 4239 2891 3861 6302 16 2423 1909 3588
25 5335 8965 2717 32 348 7118 2292 4866 2272 490 6581 386 8931 3961 3805 7168 4954 8537 5236 6535 8684 8910 2113 1614 4803
25 2576 2324 3092 98 3879 8176 8990 4163 3225 5268 7394 7094 9456 8076 5383 6532 3764 9399 6768 8899 2310 1952 9169 4476 4750
25 394 6912 8915 2825 7882 5238 459 2921 215 6235 9758 232 3832 6923 3503 9961 4015 2050 3206 4670 440 7269 6348 9214 2509
25 5304 3311 2401 1777 9457 9564 3609 8296 3476 8826 2345 7529 1235 4578 8680 5590 7632 9973 1483 9217 6770 7905 4723 6994 3857
25 1209 6150 1221 6563 1884 871 4195 6248 6681 8534 5417 278 2634 9049 3336 3523 569 3019 8781 7850 9007 7606 4305 8332 638
25 4644 8715 2783 6454 161 3326 2388 3691 3432 2332 9783 7707 9091 9674 6124 8886 6328 4576 4253 6183 650 4813 1473 1456 9172
25 5235 789 3991 9613 5135 9742 9928 1785 7857 2933 889 6785 9718 2991 6471 4946 2331 3187 8853 5641 2450 3576 2157 3500 8740
25 5598 2436 4080 7444 9537 8737 9641 1069 9694 9321 5172 581 2611 3628 2236 1856 9839 9672 407 8479 4484 8602 1581 6266 5953
25 8578 7428 4153 164 5642 2394 8667 8801 1203 6201 592 5308 2749 5419 6224 8704 6937 8474 7426 1185 2391 6007 9371 4897 1247
25 9020 6485 873 2235 5263 1631 8782 4147 1638 1840 4033 9917 4460 1493 1965 8181 3059 7482 919 4401 8454 5269 2253 1087 2983
25 9698 1492 5887 3666 6652 7411 8243 6907 4114 4453 4219 4992 5350 7556 1485 7752 6276 1268 532 7989 8095 4390 4731 2238 7641
25 7109 3424 5829 4520 5690 5713 9222 3157 9433 4248 3595 6187 1976 7071 6572 6704 8041 9032 8794 2624 6153 4418 6715 1204 2586
25 1888 6493 4421 6316 1529 5557 8800 6925 3570 6880 4487 4251 4730 2995 8812 8215 3382 6499 4577 7485 966 4728 12 8106 2544
25 5343 6735 4863 2245 6647 1509 3373 7691 4892 3474 5314 6326 3101 5421 3707 7616 1056 2620 8568 2223 9200 6594 8580 4057 9517
25 4788 5487 7249 3594 1381 9833 3829 8312 1924 1591 6234 6617 3747 3446 8347 2832 7550 3301 5740 3033 8223 3676 4267 3858 8480
25 6822 5948 7355 2982 529 9604 659 9073 3509 4358 5023 2443 214 6469 7536 9518 9108 7919 1571 2372 427 8130 2100 3255 9304
25 5693 5856 7430 6742 9180 4034 2045 2875 463 5094 3277 5981 6714 4565 9866 8896 1894 1829 5940 9840 8982 4324 4157 6073 3562
25 4855 6139 6951 9680 6729 8742 3532 4528 2622 1946 7009 6043 8199 6504 3525 6938 9991 1713 8005 2759 9759 6534 1570 4490 3755
25 4214 166 1218 3885 4615 3290 7769 7794 4111 1255 1394 3241 4259 5877 5921 2177 1243 4671 5961 8762 9013 4337 2606 1951 5174
25 8175 2589 409 4973 607 1745 5844 4244 7381 5041 5442 7298 4135 2567 9688 4026 9047 4325 3800 5423 1231 8487 831 1290 1139
25 4098 1605 3779 8146 5662 6967 1985 8028 8843 5670 9270 9709 1132 1136 8526 6812 628 5820 6992 9051 5669 3637 3224 7123 2049
25 3855 1113 8410 5620 6969 5866 178 1297 1568 852 2715 7326 4188 8495 9422 8778 6145 2255 5081 1390 8929 7395 3046 3903 2770
25 9305 3575 720 5711 8110 6247 6630 2192 8746 9998 639 1416 6612 4468 3545 7333 7517 2761 7126 38 1022 8797 1599 3656 3812
25 7401 2297 4686 2570 6024 1143 8062 8033 8491 5247 1499 4660 7520 3873 1025 5203 6626 5643 6419 9338 6005 3128 7219 8374 4241
25 8587 6189 5049 854 7628 2613 3904 6268 1176 7594 3593 4518 4993 8197 2093 3788 4849 2951 8011 2962 7664 9451 669 6917 3286
25 6900 1407 9806 7683 9419 9475 1160 979 8659 4394 3550 2116 3709 3553 6219 7854 9059 3998 9857 1127 4780 6950 3390 4332 5415
25 700 2748 8902 211 6216 7171 1644 6930 1198 8807 7651 2478 6552 5000 262 1780 605 8466 7084 8240 2165 791 690 9721 4292
25 2519 9046 9627 8464 4409 7912 105 9377 6683 8741 3213 1761 6129 3912 6055 9258 6227 393 6100 1881 7681 9010 8647 7235 6613
25 7399 8629 5516 9743 2751 6062 396 3466 3031 6378 5180 4368 1450 9870 7032 9786 9201 9356 9414 4412 1173 1663 3652 9831 4865
25 8518 1773 9267 2056 2077 6380 9357 8038 6106 1448 8212 9716 4429 2284 4974 6054 8914 2890 4609 4183 3207 756 9446 707 8019
25 1335 4428 1524 9654 6398 5241 2675 5441 4856 724 304 6897 6061 1486 5136 5288 5363 416 4751 4983 2925 5811 4197 9589 1019
25 5245 8426 7574 3842 8112 5170 649 193 8111 9330 9671 9152 6008 1806 7160 5270 3164 2058 466 2853 1825 602 2321 794 5253
25 9084 2784 4299 7337 5036 8652 1521 5123 5062 2737 8935 495 7782 7153 2757 7238 5736 1744 3243 8467 5131 1669 1983 9560 9532
25 9888 8630 9320 9252 169 3181 4699 4302 1188 9015 9418 7743 6308 28 3917 9788 5119 2575 7519 4774 1158 7611 9909 4909 3402
25 24 9463 8346 1500 2952 9842 2075 4871 3584 8450 3977 9542 1000 9153 5195 1632 3485 1764 9088 3766 6108 1837 8168 2032 136
25 5299 6123 1142 6550 146 5853 930 7715 2693 3757 5664 1914 4420 4025 4571 6169 3670 3810 4215 2472 307 5813 5342 8865 616
25 1815 4583 4184 4011 559 3098 7778 1197 7712 5864 8031 5689 2237 34 9060 3006 2018 5765 5965 9373 1336 4315 3014 6853 4319
25 5341 1512 9869 35 9832 952 8981 799 7659 8428 1029 8993 9092 7528 6528 2047 2668 564 6330 2588 2976 2594 6051 7772 2055
25 9550 3572 7580 1949 751 6698 462 4532 8871 3963 8431 8009 6798 6543 1707 7961 2778 3852 6760 2262 3914 7717 5760 8463 5225
25 9409 3236 730 9951 6023 6274 5899 4117 2910 9230 1411 9384 260 9506 8427 1457 6557 9173 9094 6673 8238 9427 6576 4446 3825
25 6916 3655 9805 3445 2937 4966 4213 8798 4209 6696 4473 8749 6442 1727 180 5427 1498 2650 2779 2136 2301 176 9123 7881 8414
25 61 7129 7638 5732 1693 6639 4696 7562 8051 9987 7147 8750 7708 6790 3214 7571 9034 8322 504 8056 1128 1118 5817 1472 4268
25 4687 7512 4507 8653 992 4344 2314 1048 1922 1967 282 2144 6995 2294 6180 2988 558 8315 5752 2716 1868 8380 443 1230 2840
25 568 1100 168 1272 7840 9035 8506 3946 2057 8883 4106 9278 8129 1094 7960 6510 4822 548 2795 1044 145 6207 8249 2773 8535
25 5769 1803 839 3616 6026 4664 7629 137 6793 3610 7021 1154 72 5360 5950 7942 8305 1661 5781 6489 1427 6250 1633 8701 2848
25 1097 5991 9586 1102 531 2240 8164 3790 6769 4625 2546 7100 1125 803 968 2553 8592 7514 3944 6796 9540 7073 5388 3284 3120
25 6901 9246 1313 6425 4318 4099 2053 3859 3075 5154 7288 9403 3455 104 2214 9531 7128 5231 6640 140 6621 8589 9711 7002 3664
25 8559 8932 8548 3544 7883 141 1862 9912 7122 235 8291 6542 7016 1316 7504 1321 3725 1270 3456 4812 6616 2521 5652 6405 1510
25 489 6794 6450 4657 6305 2930 1768 7764 1466 7231 2945 4093 3796 5157 8081 1183 5898 5067 5775 788 9260 913 6158 8939 7700
25 5902 6529 6206 6475 922 7096 4327 8505 9882 2373 9022 3027 8673 8471 7015 591 8461 750 3934 804 4474 8572 6521 3860 3619
25 7965 1838 3910 780 9681 3949 7456 6932 6190 1396 6415 5216 6823 9400 5007 2088 5199 7029 7450 834 7251 3734 5159 6585 464
25 2015 7677 5120 4938 1079 4371 7275 4937 5201 6605 9843 433 5956 9435 7388 609 5022 4527 8759 7213 3978 4354 5413 4311 144
25 9003 9864 9144 6771 5799 9394 3247 4236 5302 3924 9884 4075 4950 5479 5966 4765 4678 6690 1442 879 7959 5198 5443 2864 7161
25 9675 5387 9813 4733 4035 8030 876 7197 4784 816 3959 4770 9630 7773 905 1996 5277 9415 3048 7127 4702 1619 1544 3107 3204
25 4056 8711 9926 1460 633 5579 454 9438 2359 2863 3 6339 4218 6149 5754 8632 9367 5038 5745 3248 4083 6317 1287 2922 9117
25 3555 7293 2711 7867 4297 4786 4798 9516 5105 2229 6292 4590 9824 5852 4004 3001 4612 6553 6867 932 7307 8861 7748 4185 8210
25 734 945 7648 9947 8995 5724 369 485 8099 8598 8571 6122 6387 116 3244 3519 5078 6878 9528 4416 9986 7953 2961 8424 1646
25 8950 8713 5090 7884 3366 1256 4227 4653 9667 2125 9358 8917 8881 9886 2269 1828 6229 2510 7225 236 9808 7376 302 6518 7036
25 6767 4885 2495 4016 9130 4593 4006 8316 3231 7689 9247 4092 8532 3511 3360 6736 1957 7623 6143 4668 2564 3983 6993 6242 3386
25 6689 5027 6168 3875 5917 2696 444 584 5907 2417 492 6629 3233 3331 3076 5605 4118 1917 6092 5834 5935 3638 1148 5376 5697
25 3149 8158 5017 511 1046 2160 8493 1947 6301 4329 4688 4947 7177 2560 8170 9825 2416 988 995 1849 8707 6788 3987 9811 8171
25 4842 3990 4848 1399 660 2527 4347 6909 8901 5092 1702 2994 5552 450 1477 2517 7747 8744 3407 2302 5580 4408 5604 2819 2659
25 9581 5218 8573 935 4065 159 3203 1004 3210 2089 1590 3893 4469 7330 4395 347 8388 4306 3309 7204 4908 2671 1052 758 6997
25 541 7210 5307 3840 6261 8151 1859 8945 8815 133 2923 5313 4000 8442 7760 2239 2872 784 1076 5337 204 3422 8156 4018 5504
25 1005 4414 5369 4107 5593 2732 7113 1016 6905 4343 6730 5117 3763 5258 8077 3332 8727 7105 915 8333 8919 7880 7057 1841 3313
25 713 5990 9845 4629 3818 6719 5310 2648 280 8721 3339 9213 4459 9212 6249 2772 2868 9791 3911 766 5932 3298 5150 5931 3631
25 8179 9851 482 267 5751 2404 2260 1643 1584 2383 2535 5061 3973 9175 8003 5985 1007 721 8777 9257 6195 5688 4741 1939 5020
25 474 8792 4875 266 9209 6893 4270 5451 2796 5692 4582 6459 943 1782 9039 9807 7295 5365 6017 4726 6933 1683 8385 1677 5629
25 5018 3147 3073 4141 6078 9159 2343 9844 8562 1688 9029 7286 4382 6014 6282 8047 2380 4427 4193 2726 9746 5065 8 796 2755
25 4090 4223 6536 3680 1496 2665 2866 4159 2874 8334 1337 863 8361 8438 2587 1851 5261 7671 1675 8114 6895 5499 3238 6595 3880
25 9283 9406 874 2518 2041 1355 9836 542 6610 4701 8705 3009 4626 1463 7095 8354 2858 4548 3728 2529 410 2593 7166 8808 1020
25 8640 7104 364 9314 3778 6484 8851 7924 8904 6678 4440 4407 4663 5984 4936 2085 6980 5946 764 7338 2815 7184 2007 2540 4592
25 3239 7435 5480 1863 8259 403 8018 1504 3007 8136 5470 1832 771 676 6561 9598 4254 2811 4462 79 7283 5148 9507 6087 2664
25 8292 7116 8832 5957 1835 8806 175 9054 1639 6548 866 4941 3674 682 5614 124 7443 7264 5142 2725 1279 4570 9494 8430 2818
25 7318 6656 6159 69 3537 9033 1583 5995 6238 2228 3894 2437 663 3413 7958 6753 4719 7022 5015 5613 1303 5404 5896 5876 8147
25 3549 2536 1177 6352 8955 127 9952 4249 387 953 894 732 2396 2892 9021 3582 4655 1347 6278 8716 6606 5439 770 5714 4929
25 5137 7585 6409 849 6480 1494 9028 9370 1981 1317 9150 5184 9863 5367 941 6091 1615 5275 4797 3464 8501 9971 4286 2926 8556
25 5860 3527 4109 3602 6076 3124 1062 2054 8662 6680 1037 256 5520 288 9958 9102 1405 1440 6516 1437 5578 7297 6461 6241 7937
25 3629 9920 1276 6503 2781 2661 9963 6161 9644 3121 518 174 7978 9233 4053 6791 1036 1703 8611 6731 4610 58 2786 1137 6453
25 2944 1625 1640 507 3082 5622 4328 1716 2086 779 7990 5243 8513 4925 8845 2816 2699 2195 7308 8626 1495 2252 8311 5865 9677
25 5381 1372 4935 448 7152 7191 1937 5001 2977 7627 6622 2978 8841 4345 6758 4333 3634 1032 1998 4504 2689 2836 7524 8674 5108
25 2531 3579 5089 306 6196 9561 2110 1330 2468 7796 4365 7588 322 7741 6077 8905 1400 5703 7589 9069 2114 3533 6147 4069 2897
25 3030 7357 8040 9483 9617 5437 8984 5323 8760 7865 1626 6574 2084 9318 6086 7420 6841 5918 7756 4534 8386 9656 7409 7335 5538
25 6361 8783 3291 9511 5069 8695 949 6677 4282 5210 9139 1988 7353 5675 1068 4501 647 7470 1284 5531 911 5806 8433 424 4374
25 2009 328 7465 2212 9761 4119 1660 7501 8097 7755 8470 9894 731 7328 1611 8875 7480 8558 7688 1893 1600 3671 5545 8612 3528
25 8204 2963 4761 9657 2464 9897 867 1282 9881 8814 8004 5529 9774 3738 3935 5059 2127 5438 7144 9772 7432 3095 1191 8654 8582
25 9523 8459 1054 8856 7232 5366 9132 8407 5878 1061 9444 2532 6205 1945 1666 2971 8846 4952 8012 4275 7744 3441 3288 2286 3458
25 4346 7198 6327 9579 2776 3315 3930 6179 8743 194 9490 1668 7531 9489 4210 2295 7771 1895 2929 8913 4753 5942 2940 8519 4846
25 920 7948 1206 6739 2585 3062 1257 2374 1428 4669 4290 8166 3939 7723 824 7360 7545 9352 324 479 5459 9467 5485 1652 1343
25 2581 4084 3105 1797 1215 9062 1480 833 7900 5411 3907 8169 149 7098 3074 6869 1765 3363 1577 1018 9154 349 56 5988 1569
25 5440 8736 4467 7787 7209 1968 6544 7822 384 4840 2153 4217 3841 8336 1650 5430 264 5488 4672 9719 3703 8384 8613 9938 6439
25 2986 109 1869 7226 9527 7777 5861 8500 1264 2498 4279 2955 183 6928 420 339 5327 5873 4321 555 8834 4189 797 3620 7472
25 8477 4781 481 8088 8671 643 3429 6056 6451 8688 1513 5233 9877 7047 7725 4771 6497 9726 1928 7279 3106 7489 9024 2449 2530
25 3654 9412 2605 3906 8191 7808 9288 1045 2901 6824 6799 3235 186 3700 4102 505 2484 4737 6355 9145 9434 7722 6093 4606 2276
25 1664 5113 5636 5621 7092 9889 6359 5564 7894 4266 6728 26 4335 8387 305 4579 1821 9530 9178 7300 7416 1350 3718 818 9766
25 7928 1593 3947 6645 3701 7535 353 2842 4802 9221 8383 3392 7552 3242 2215 7121 8730 8472 5056 9465 3415 3612 6365 4296 5665
25 9514 8024 3188 8219 5187 6346 5603 524 5534 2439 7701 7237 8049 4982 2285 2619 1131 6233 9063 1344 3727 1585 4927 7011 7825
25 48 9459 5777 2577 9127 1436 7515 7474 8550 1681 2400 9939 4359 2256 3296 3060 3649 2953 7495 6417 7349 4977 6676 321 6342
25 6263 7325 6338 7190 9710 2355 2330 5074 1748 4096 7090 733 5943 1502 2873 9119 1249 9066 5178 228 2491 5839 4820 6364 8710
25 6418 8020 825 1503 9135 2984 1523 3621 9303 8027 8289 6602 5484 2311 4801 8286 884 5638 9803 6046 1398 4383 6088 6644 3032
25 8520 1734 5535 9562 9949 6989 1168 1912 9441 1810 1123 7506 9237 1289 2911 9188 6687 7367 4956 14 4261 4054 2502 437 9796
25 4948 4170 7086 4411 5344 6013 2525 4939 9838 3645 8177 1277 1291 8294 7302 521 1083 2001 4229 4676 1940 7964 8091 3093 6260
25 8271 7082 2649 4376 5453 772 244 1376 1389 5556 6578 6397 4715 9933 9488 7890 7254 6852 6472 3162 2094 7950 1015 3535 3737
25 3442 7451 5748 9804 9100 5082 843 1259 1875 2841 6743 5911 8299 9862 5655 3827 7678 4991 4095 3040 1662 5460 6212 5854 247
25 3055 7575 6718 3220 4171 2368 1943 9623 2402 9361 153 2947 8628 8821 5611 2371 4827 2306 6022 8999 6702 1641 2623 3679 1006
25 7911 3196 206 210 2060 8555 9156 5903 6987 2063 6712 8415 7582 6777 309 4900 4182 3034 3864 5447 9922 438 3687 7459 8350
25 1992 3104 6420 1 66 9858 397 7573 9592 8963 4747 9554 6130 6509 9653 7973 287 8358 3941 4288 746 6991 3741 7789 7986
25 7861 739 2975 8521 1684 8379 5382 5465 4301 8547 7972 6774 6006 8920 3004 8522 2918 7775 3653 5673 1665 7310 9383 392 3289
25 2061 2357 7631 1580 2600 9429 97 4433 8620 1012 4073 5600 2299 4963 3387 3774 2232 5707 5493 2775 6834 3819 3405 8980 6221
25 4586 271 3490 8093 8937 8094 6476 1299 1791 6591 9205 8549 2414 4100 1224 6464 71 2427 5281 9898 5617 251 6944 2839 976
25 9449 6377 439 1430 7682 8860 7014 1104 2281 4533 5992 686 9442 2936 6990 2367 2028 237 6383 5791 3872 3792 9095 566 1378
25 7270 1530 199 3615 1902 9265 2115 9980 959 736 4457 7125 1229 5681 96 7590 5286 4598 2855 1021 2827 2196 5055 2609 181
25 9752 8262 7372 3966 6825 2385 3685 599 3710 9240 7462 3902 1682 7581 1696 6400 6388 5153 1153 3932 5141 491 8404 5900 224
25 6252 1674 3833 2442 5287 7134 8809 8239 2645 255 6047 243 2148 7797 6525 4835 8443 7658 1216 2870 2734 1751 9669 3887 9916
25 3253 5744 6765 640 8035 8938 3623 6746 2040 2882 3154 1236 7505 8473 2389 5463 3431 673 9750 7878 2888 8174 807 3559 2597
25 7088 8848 3866 9625 4585 767 5100 2412 9160 6064 2844 453 6556 8335 3916 1925 5742 2092 2392 246 6421 6334 8070 6559 557
25 8564 9852 8207 2261 1913 7811 2810 7724 9192 9800 2218 2861 7860 7025 7486 5196 9081 9995 3192 9058 7676 421 5653 811 3643
25 4882 6404 1002 4115 4007 7043 5008 5064 4921 4125 9023 6513 5166 8512 1533 344 2226 625 2744 7452 49 2448 3836 327 5173
25 4495 4260 8309 9251 4643 6066 7907 2184 1470 680 9397 8343 3161 4461 2584 3888 7767 7332 5013 7954 4269 702 9014 9311 8874
25 372 6135 8328 6012 9190 2482 9731 2220 3211 8819 6146 6682 7189 8390 4631 2615 4500 5200 1556 6099 9359 6323 535 906 3097
25 7929 842 5295 7380 7759 7642 9408 8373 8193 1695 126 3212 6020 5975 8234 5570 2889 2475 861 8456 1991 6177 9646 980 7252
25 580 2928 565 3565 7663 9466 7679 9526 5372 2479 7178 4138 6996 4739 6847 6666 5114 3272 3733 101 8836 3715 2224 8119 2627
25 9707 4208 9631 830 4139 300 9151 5684 5569 3285 6231 8544 7352 6776 6620 7272 160 9982 5886 6018 7083 5296 6635 1758 5723
25 9504 6239 1986 1634 7479 1846 2095 1417 4642 9479 7062 6858 1566 8738 2102 1763 9315 9500 664 5129 5521 7413 455 9577 4120
25 4525 1883 8892 933 2180 4123 546 6850 9167 1844 3316 5384 5396 7418 8498 2097 5987 5403 6487 6817 1367 3180 5825 3690 7404
25 4618 7064 1697 8816 3047 8353 81 7081 1532 8799 4899 5730 7999 9930 7917 2728 3144 4923 820 1280 4392 9997 8735 7356 8618
25 549 315 5377 2992 3433 4027 715 1531 2534 9333 4443 3808 2190 6478 9865 4650 6568 4436 1708 4444 2318 5147 4779 8884 2225
25 29 8458 9316 7870 3051 2591 3896 1193 8125 3039 2765 4190 8855 841 6636 4252 5542 5190 7053 6468 7427 3787 6118 5819 5571
25 1515 400 6711 656 3493 1152 4858 8820 3799 6866 8976 9366 2099 9218 5850 8975 2860 8561 7981 3964 6311 9484 4424 5458 3021
25 9979 4536 7224 2537 761 8882 9763 5567 8446 1800 9879 7790 7497 7061 5416 1554 6651 6524 4151 2070 7803 8090 7834 6492 1300
25 8728 8209 3396 9071 6705 2857 7274 9729 8416 9287 4825 3052 414 4745 8889 5993 904 2750 3166 7481 822 1060 8232 3347 7795
25 7005 2838 2566 497 4652 704 2288 9911 9229 5026 2580 9571 4369 1885 8248 4051 5573 8405 4757 5432 4363 9290 3378 2090 3259
25 6831 8021 6003 4410 1910 46 4089 7207 1787 2758 112 7192 9162 8060 8528 5633 6894 167 4931 9942 4998 3041 2337 962 4622
25 8878 5500 4720 2916 3993 6589 1595 3507 7754 4711 7368 4746 1340 3437 9730 4334 3516 5755 1122 3280 2098 6019 5047 7410 8700
25 4058 1651 6836 1111 4854 2044 1459 1364 4406 2931 9110 517 3508 8824 6314 2257 2029 6427 5328 8942 2879 3184 845 3185 3985
25 1269 7319 8434 8085 5584 3729 5031 4767 9322 3328 6772 4549 1604 4850 6267 2672 3563 6214 2968 2625 9567 6035 9637 9918 5859
25 8310 3294 5425 9925 881 4400 8968 2393 4667 5473 4988 7718 8115 4152 8439 1548 3806 603 3350 5290 3260 6070 9220 9700 5370
25 203 9495 9382 3453 2653 5994 5792 7843 2104 1819 1767 1649 3234 3521 5827 3526 7670 4169 2987 7348 9787 8636 5434 7146 9380
25 7716 1489 9105 3036 3802 7068 2702 6041 8511 5658 5389 1516 1999 7250 4674 478 9453 3831 8514 2266 308 5883 432 840 5606
25 297 7846 435 6764 233 7746 7697 716 5188 7909 1814 4232 997 7875 5645 3927 1916 7033 191 4589 562 9960 1961 1962 5501
25 9976 2641 4661 3199 4887 3669 4834 2065 6571 2438 9225 8264 1322 8810 2350 9235 4381 5612 9206 1379 4563 7618 18 5508 8154
25 6724 7108 7102 3398 1474 8378 8827 7592 6898 1897 678 129 2644 2433 8596 3401 3312 6010 4037 6065 9861 5011 6151 6 7058
25 3564 3826 9636 3740 7847 2480 6962 9837 1431 2078 4692 8811 2486 3283 1409 1890 6837 2066 5197 5264 9301 5599 9277 6931 3969
25 961 817 2118 4666 3663 4930 4415 8510 777 5305 3137 6862 2062 5478 7371 8469 7835 4116 4972 6394 2643 9609 2821 4911 8054
25 1315 3608 1830 7193 1686 2291 458 544 8502 9006 6926 7819 9902 5870 5513 3897 3171 418 5185 4466 4896 9608 1966 9635 4186
25 6843 2738 4910 8554 6119 6871 6946 9228 897 5306 7440 9767 1519 2528 8280 3158 9285 6095 7522 8267 7885 371 9499 9834 3380
25 610 666 975 4028 6814 8804 294 3731 1960 7809 9462 9848 4535 7832 6225 7294 5648 1574 642 1354 3388 296 4339 2463 7093
25 5881 6745 6473 9345 7284 8324 40 1891 3750 1592 2805 2990 4280 3013 9966 9989 5936 651 593 5555 1482 763 2610 8552 4955
25 4494 3202 7000 9179 4880 2377 4828 6566 3597 3772 4942 5565 8143 2785 8357 9663 681 4361 4600 6449 8657 1847 6546 5592 9573
25 8773 2143 8536 5012 7364 2406 6579 408 6864 9983 8545 537 4454 6697 9664 632 5110 4148 6899 2014 9910 2908 3042 8490 8921
25 3371 2899 3541 3921 8155 896 1246 5619 2557 4515 4646 3473 7285 701 1033 8972 179 9662 8658 1285 1213 2133 6968 3218 9329
25 3103 1784 3773 3191 3539 2652 8058 7339 7194 6406 6939 9428 2950 5851 813 7855 1401 5828 460 7054 5251 89 1084 7393 8543
25 2384 3176 3083 5234 7901 3122 1779 1979 8788 4651 9919 6105 3756 6431 94 3662 4961 781 3600 8423 4463 7008 1141 5476 8957
25 7040 3358 4246 7710 3477 9481 425 4293 8186 3672 3377 6042 5577 6686 5186 7738 1196 2347 5028 9931 1617 2103 3780 1306 8301
25 268 9128 2718 5627 1587 709 8631 2541 6641 3574 6908 4351 9651 6590 851 7852 9756 620 1877 9875 3702 900 6981 2408 2273
25 3008 9691 3557 9524 986 9972 2924 7569 9823 8926 399 4471 3551 4452 8297 2752 2487 9310 5030 9854 9266 3349 6441 7586 6467
25 7799 4959 8574 5663 5503 4709 2667 8953 8857 3454 683 8344 6517 6033 8013 3081 8117 4216 4483 8934 6482 7374 3965 9829 9430
25 1900 4387 4196 7572 6438 7732 4356 7453 6515 561 8693 7101 1926 213 8436 4868 3956 7 6934 8802 9067 927 7831 9569 6185
25 5424 7709 7804 2333 4764 6784 2108 4924 7998 5278 3145 3351 1670 5739 4438 4373 2428 7242 4005 8924 9648 2767 7996 4951 6479
25 6607 9087 8588 6984 1365 8761 886 8987 862 501 5880 1435 7798 996 2500 3598 1919 8977 4793 2503 7600 1731 9977 910 4103
25 6039 1778 8803 8796 9678 120 7037 2397 319 6085 6038 6396 5274 3379 703 687 6506 6050 5609 6275 8142 1014 4295 4127 7173
25 3580 1973 6942 8989 7110 252 4776 8895 9659 5523 4682 9480 2721 1351 1358 9122 7667 9365 5797 3744 7079 131 3172 2019 4243
25 2917 3208 9469 5212 5539 5982 6659 8638 7383 8764 4212 3045 7265 7820 2678 1610 8643 1103 4721 4283 6358 1969 1377 778 4538
25 9679 8227 7243 7579 6222 7941 8486 2989 7987 7483 6982 6505 3142 8567 471 1673 1811 2481 446 4859 648 2259 5616 5334 6063
25 7013 6155 1240 3420 4862 3418 3624 2048 6883 1420 8872 6940 547 9683 43 9723 4933 1108 5691 6335 7983 1234 5973 6789 4891
25 6706 6877 3381 4137 3194 2954 2270 2612 4167 1339 274 2325 6854 2451 6675 2303 8754 5418 8818 8036 258 9552 6470 9753 6494
25 3647 6786 498 3026 9576 5374 5160 3314 1934 3436 9026 1345 361 9686 1836 4439 1730 4304 3367 1954 3950 2669 6569 4320 2163
25 6031 8277 9487 3116 942 7745 2969 2568 6437 6713 714 3150 7635 3389 2405 9245 3711 765 835 8685 7268 5204 8043 757 3883
25 7227 513 9297 3583 5375 9458 8686 2760 7490 2694 800 5167 3568 1535 7322 2655 8900 6284 389 5560 5316 1403 2492 6819 5543
25 6780 1414 8274 4003 100 4070 5702 8864 6443 3174 5122 1034 2358 1262 6090 8679 9924 5297 4599 73 8341 8080 1312 4790 2169
25 7070 2942 6296 2573 4749 7387 872 8533 4628 3501 5694 6540 9239 1974 5696 5530 858 7765 1793 2446 2046 4795 6665 1562 1948
25 7468 661 3411 6575 6009 4384 377 3085 9141 9436 6495 4978 940 9946 7995 2091 2701 6835 573 4604 7617 7977 8429 805 3618
25 9207 1194 47 6293 6512 1817 3974 4559 3561 1071 1781 5810 1857 5271 8697 4222 8465 6232 860 9921 4510 9189 7906 7131 4662
25 8840 1689 7446 2639 908 6744 934 3751 6157 4204 7560 6778 3919 1163 1298 8805 9856 1858 5338 7660 1594 436 8482 7824 626
25 7877 9347 1208 3936 7684 1109 9652 865 9001 7148 5364 8284 7331 4097 8922 1678 207 3937 1039 4199 9642 8391 6514 8001 8131
25 8890 6004 2881 8079 7203 9263 3657 7415 4456 8553 740 1525 2632 5979 4732 1214 7655 5528 6653 5773 9676 8313 9764 6603 8217
25 7936 3849 7876 5156 9202 2187 6094 1855 2141 8916 90 9867 9269 974 6628 4573 337 7050 6028 5871 3275 7813 7968 8044 5244
25 6403 499 135 8059 3190 7933 5910 6379 2241 1736 527 2684 914 8200 3704 5496 110 5066 323 8908 9568 2598 579 9558 1150
25 9411 3257 3129 1550 6173 8973 1098 9264 1159 8105 5226 4620 8476 1171 2687 3344 4448 87 6723 5246 8891 1680 329 5265 3617
25 2418 9401 3632 1977 2473 4872 4623 5933 5301 3925 3573 6298 333 4419 8651 3639 7306 4999 1546 9339 3492 5735 4049 9937 2208
25 6633 9473 4630 3614 3636 177 6098 5879 350 8253 1027 9185 2793 9416 2003 8852 6935 1156 5145 429 3250 4364 8607 9545 1212
25 4742 3049 7779 9002 8298 1182 7503 4796 6223 5794 7879 3053 545 9957 1373 2267 4975 5774 2182 3814 9432 3945 5661 8319 1038
25 768 3067 9927 4396 4485 2797 8687 9482 5901 4718 2631 8599 6025 1989 1839 2895 574 7780 3063 9426 1114 4162 2152 759 2117
25 1866 4352 6547 6141 1146 7633 6121 6674 2082 8345 614 242 3438 7720 983 5165 9096 5223 5079 1144 5867 4257 898 7758 5841
25 3321 3976 4807 5779 1319 2011 4965 8229 3845 9994 8748 9798 4712 8015 7674 8162 132 4640 362 597 9340 9307 2329 7731 4124
25 2247 2106 7637 7097 9497 1746 2290 7078 6345 4317 6423 7510 8107 5805 9515 5930 4386 6887 7218 1225 3460 8877 9936 5046 8069
25 6321 7117 419 8682 3435 990 2415 7361 5329 4012 3635 9072 8813 4076 1449 8907 2674 4818 8714 4934 8321 8508 8278 1931 9536
25 563 8967 4920 3542 5815 8909 636 2025 7898 5804 5016 2231 6608 7786 2662 9211 4425 44 4707 5283 2604 188 5977 9736 1558
25 311 1251 4048 7174 9923 5576 6344 1166 65 1980 5929 3824 1743 2254 9386 2763 3497 706 8256 4132 4808 4811 729 3984 142
25 6913 7346 655 1491 422 1511 7187 7830 7940 2154 5385 1818 8141 5217 8221 8330 923 785 1694 5683 944 901 6384 8898 7049
25 957 3758 3017 8192 1324 9232 7812 1248 1368 7205 5786 684 9682 2876 3878 2419 9587 1274 9841 68 5162 3870 8397 2964 9326
25 1135 5466 3200 2731 552 8719 711 5608 2829 2526 9583 1956 6945 4165 3926 6432 3809 6624 3803 6074 6700 2298 4220 5408 1134
25 423 3708 5699 8681 657 4744 2966 1008 5134 936 5780 4890 5969 2004 2378 503 7030 9413 36 5822 899 6717 4273 5318 1929
25 8731 2788 9744 1729 475 2673 2556 1930 7542 6619 4843 2762 3399 7206 6372 978 903 6354 7431 1334 8145 937 4393 3892 1410
25 7952 2736 3717 6356 4403 8101 8956 2023 6104 2151 8563 5986 8779 9086 4039 4201 2101 7089 2743 4542 9771 469 9146 5449 5586
25 4078 5393 6410 7737 8071 64 3901 9268 7222 6463 1720 6891 8863 7699 220 4513 6949 9693 143 5272 3886 5731 3522 590 7441
25 8758 8774 9815 5054 6244 1880 883 8023 2607 2808 5651 2340 1072 2685 2150 7703 9578 1462 3268 2349 4516 637 7742 4350 2813
25 445 2123 8835 2036 5091 9948 7048 7727 9298 7266 37 7130 9868 3448 359 5595 717 5085 7621 3015 4791 8089 7281 1439 6870
25 3578 8447 1655 2686 8306 560 6243 987 9790 7610 8649 2431 9194 1469 6320 1092 9695 631 4763 3143 5399 1074 4554 398 2508
25 3281 7329 457 8348 671 9381 4838 4449 9474 8605 5767 5862 2445 5525 3599 5333 570 8634 9794 2251 7669 1120 9025 2227 3346
25 6228 7891 5562 7434 4595 7344 2395 516 4104 8624 9593 6522 2087 7800 7433 1329 3132 6766 1484 7261 7888 6845 3126 5891 9476
25 4637 2512 5983 984 5830 9044 3258 9849 6722 4330 9136 8242 1920 7419 7706 45 5677 1760 229 5207 390 8858 234 1088 939
25 4143 7114 6192 2338 5656 921 1211 3230 5289 6708 9043 5102 5925 3560 4932 4727 5947 4557 1607 4860 8507 8260 9850 7714 7223
25 2720 2166 9830 9954 617 3393 5764 7221 5380 3341 2268 8593 812 8048 4736 2542 8839 270 5461 7074 4995 5623 2847 2243 8377
25 55 3138 326 1792 2660 1738 2558 7075 9000 7620 613 5908 9335 5793 7932 9360 3217 6551 2249 2704 1636 6914 7719 8770 2658
25 2176 2335 9696 7686 5628 1443 147 3505 6699 2599 6527 7351 2398 5747 2282 7652 3804 1099 8723 9048 8867 1809 8541 4281 8022
25 8670 6304 318 4656 8642 7558 1458 1799 3854 670 3689 5420 2430 5589 7345 4175 7851 9107 1478 2822 7530 301 1699 7733 8850
25 3696 6068 1260 4957 225 156 2477 1067 4734 4357 2139 3686 964 217 5257 773 5115 7841 8706 289 6209 7801 7391 8123 9472
25 9121 3024 4207 4658 9375 4636 23 7931 2769 8540 1555 2756 7646 6174 798 2199 5772 2638 1362 2798 6285 5368 7565 5293 6111
25 9256 8979 533 476 7245 8303 2809 8244 1461 7262 2024 6583 2348 195 5906 9053 4385 1936 8276 5960 2013 2914 7151 5666 5672
25 583 1192 4225 7382 9199 7643 7301 5998 21 3767 5976 2887 5558 6755 4389 3365 1385 8859 2488 4010 5749 4785 4649 9827 3569
25 7956 5332 9640 2635 2654 1189 9346 9992 9038 4378 5104 7403 5071 4681 6960 1775 8394 925 9599 5037 1356 3327 828 1823 8789
