29 2717 482 4766 5345 1560 7845 81 5596 5739 5074 790 9575 8899 2790 7112 6072 4614 803 5498 4837 4554 1475 114 6751 787 8660 2119 5897 5269
29 2921 2517 2442 8875 3396 8714 35 5218 8036 9658 2243 4047 8824 4425 3003 99 5731 1848 4305 8419 4781 9132 2503 9637 1834 2571 769 2968 6164
29 1785 9136 446 1835 2253 375 5522 1160 9725 550 4647 7122 123 9287 5994 6100 2387 7248 2839 2997 2750 4536 9879 3838 6011 6360 1105 7066 6413
29 8709 1512 2241 6928 8540 5724 2053 745 2489 4229 7190 199 9057 2019 6996 8422 9852 5081 6938 875 4876 5888 9691 1811 1594 9698 6266 4585 9982
29 2150 9814 7946 8431 6459 7383 7637 4394 6470 9499 3637 9127 1742 2977 922 278 131 1858 3408 6087 4854 5933 6517 4790 4360 6447 9003 5953 7911
29 3145 4574 7031 1037 2350 873 5706 5446 1657 2175 4579 2760 7554 7300 1498 920 4549 6940 7103 9985 3365 7303 3165 8393 8515 1361 4592 5365 124
29 2672 6021 1807 8624 1390 768 1004 8646 8398 9274 8668 3392 4696 710 7344 1894 2951 6963 9509 6736 4731 3206 6848 2109 4061 8164 2306 4923 5707
29 9159 2765 68 2769 462 4082 7361 150 425 4900 4204 1889 2076 5874 7258 2151 4328 2231 5131 7963 7797 5143 3002 2796 1576 2749 3985 3038 7756
29 1134 9031 8678 9646 5109 6718 3881 3348 8581 3887 8013 9857 8844 1147 5132 3888 3073 1403 3088 3714 1561 3338 9652 2302 7119 4412 5948 4526 7341
29 3709 8383 8434 2916 9175 8277 610 4116 22 5704 8628 9780 7370 8509 4448 3389 5790 1351 9928 807 6131 7657 6489 8192 7332 6972 937 2585 7936
29 2870 3198 9591 4458 3518 5086 9856 184 8000 1370 1683 7082 1960 6486 9002 6448 1876 8720 5038 5853 3017 9114 6316 2282 9253 8981 5280 3580 8629
29 2734 5673 9366 487 2135 9625 6411 9439 927 1555 392 7802 292 428 6544 4365 7888 8837 7848 9083 4285 139 8252 9620 1682 4517 4552 2213 8696
29 2446 929 7448 3987 7579 8663 8634 7054 5053 3254 6357 9089 9218 1544 6836 9712 8982 4893 840 8674 8930 8280 5358 7220 1728 1115 4683 6639 7534
29 4182 839 854 8745 432 6421 8834 7489 2477 7374 7131 9964 4835 8384 1771 713 4737 7994 4812 1426 6219 6196 4651 8045 6251 2514 7817 7841 1651
29 5260 2198 8654 6699 3306 1631 6304 3335 9495 3215 5474 7466 6849 4930 6345 30 5479 8843 1741 6957 5421 3032 5243 4999 1281 4820 1295 9403 7215
29 9488 3265 9441 4870 6620 8910 4076 6036 2310 4174 3144 4990 9497 3926 3828 5477 7758 7889 5554 9901 6984 346 4912 3066 218 9579 9071 3540 5638
29 6428 3611 5771 5185 1421 8250 1639 7866 4348 4483 7305 9502 2520 3730 1135 2225 7499 5001 6526 9429 154 8071 2655 4326 1378 1943 3840 5779 7272
29 2635 1833 3693 6258 4926 1795 5166 365 6978 9220 3166 9012 4952 8938 5833 8475 7778 211 9156 3089 5563 2461 7301 2694 2721 2308 340 8768 900
29 7674 9445 4259 9522 7279 4084 4788 513 6874 9531 2835 9110 2397 6082 5048 1413 3886 3013 8684 5977 8656 6642 9496 632 859 6153 4699 7805 3386
29 5482 1942 5503 3339 7798 7482 5499 6057 74 2947 6531 3055 5137 6811 4862 5540 7700 2407 5415 3252 2172 8354 9205 7048 3946 6203 3083 7654 1637
29 8786 8406 1021 2169 1178 6520 4323 107 8641 1317 1233 7935 1934 2675 6873 8355 4129 1346 7428 6020 2787 7451 8853 1108 105 9099 145 2249 7820
29 9282 5939 8134 8778 9095 397 5863 9172 9425 6847 2735 301 4658 5600 3646 7033 2466 3552 2684 5103 3097 118 7902 8811 2104 7050 1079 4963 411
29 8946 8472 4543 7394 4 7790 5671 8111 2613 5822 5856 9839 7785 3415 8436 4312 3213 8217 1931 1006 5094 9062 2443 1017 121 1881 5618 2215 6301
29 5832 8364 9075 3679 7985 215 6049 3619 9848 6160 1360 2050 8145 8278 178 7075 3939 8310 1523 179 7571 2471 6694 8818 9865 2779 3758 3403 8392
29 7833 1191 2954 2940 5826 7249 7327 0 2142 1083 4822 6354 2408 3010 9552 6362 8370 1645 490 8161 3809 988 1372 5599 2626 806 9505 6680 4184
29 4661 1660 726 3099 9627 795 3949 9943 926 3785 5603 822 3635 7321 153 7124 2312 3596 8537 9005 2073 3307 2284 2953 7281 453 9869 6830 6835
29 4967 626 450 9891 2767 5102 1203 6994 3711 7661 9760 8857 7949 9824 2739 758 6306 354 7225 6043 7497 8342 7987 4705 6745 3779 3467 5877 3634
29 4077 9443 9913 4802 7367 5949 4096 9477 9393 9870 9363 4443 4823 954 6716 5842 6851 5567 842 1803 3964 3230 8010 4270 7713 7107 287 3918 4539
29 9215 7606 1285 8566 9621 1515 2710 6752 4465 5183 4163 3286 2124 8115 6399 8550 1606 2425 5123 4879 4491 7293 5088 6619 7154 427 5507 5042 7021
29 3592 7216 3501 1700 2747 6292 6105 2531 4083 5523 7472 7672 4906 6192 2800 6904 6991 8414 4202 4405 1332 4772 1628 3713 5173 891 1550 5551 5065
29 102 9498 1491 3044 5400 1430 7299 6409 9451 3648 7761 3273 2685 5782 7557 1457 8599 3193 3473 2974 4208 9684 7687 7128 1209 1705 7729 9555 8909
29 586 2996 9117 5031 2293 3536 4309 3297 4205 5821 5508 4019 322 7150 6006 234 2714 9596 8921 1201 5979 9313 7224 7287 2095 4811 3138 4707 2480
29 4052 4392 8017 1614 5308 4639 2673 9380 7405 5277 9420 2651 4002 3622 7298 4167 6653 4946 6476 5458 4668 5663 9377 2177 7711 240 5859 9330 75
29 8103 5030 3991 5794 4219 6677 167 8442 6979 5434 1680 4732 4284 249 1553 2869 2206 1495 4143 7083 9656 5544 9849 7714 8043 6901 3101 1503 8009
29 8057 7760 7574 7042 1175 6005 7203 4828 901 4588 4726 8623 8769 9365 6892 9453 6565 8758 5186 3549 2676 5264 7933 3478 9025 5870 4793 6969 7722
29 9211 3704 1712 1410 1053 7957 2058 8737 190 5975 5059 6707 8507 2404 7130 169 2798 9426 1743 9897 7971 6391 9036 2896 2533 6495 1270 825 2659
29 6507 1824 5756 5156 7699 1016 8711 4015 2728 4413 5068 4818 3290 8482 7739 9716 3129 2200 3329 9195 7874 7034 7659 1997 2393 4682 3958 6561 4915
29 666 3720 7984 7331 3992 4867 2608 2536 9149 7812 5350 3817 4379 6137 831 7053 7898 9587 7003 9693 5807 9086 6548 2434 8306 439 5844 7806 5208
29 4935 476 5886 7552 3 8697 3731 7359 1730 9178 9842 7068 5828 1642 3801 4902 8972 6649 1246 9944 5620 7469 1586 1869 3214 4840 451 6264 2367
29 1466 8404 328 4239 8613 3347 971 1904 9619 3304 1694 2808 8659 7001 6208 4230 8975 3085 9017 549 6934 160 8922 9686 344 5559 3931 6974 7652
29 9822 4830 5583 7894 9454 9462 4514 8532 6312 7097 3280 1908 3839 9464 2615 8926 14 3004 2029 6394 6803 6047 1331 732 3614 5231 8105 1001 9154
29 9014 4397 3361 5942 5668 2147 1095 1151 8235 4289 9921 5480 5830 6701 305 815 9734 7273 7064 5920 8212 5141 8451 8510 8522 480 368 8216 5987
29 1566 2381 1196 26 6382 6278 9825 883 3192 4031 8055 3194 2699 8390 3220 998 1391 1632 8429 148 201 4849 9608 9881 634 4026 9767 4708 6511
29 3448 9740 9695 2512 3811 8584 147 4350 9986 8993 257 2062 4212 3303 213 8597 4538 1341 8495 6777 6349 8173 2199 4907 1449 7090 2789 869 3517
29 1434 3240 3765 665 6275 309 2359 6866 1064 7703 2097 3407 4667 6878 6772 9876 2108 8133 6443 5034 658 7454 3977 2294 1287 127 2123 4339 9914
29 9925 275 416 8625 8083 1907 7016 8454 3465 204 9919 84 5803 1870 5606 1052 1383 255 2246 1748 28 7954 5011 2884 2885 7166 7008 2957 6441
29 5777 9826 7529 8885 4910 6255 7087 6128 5512 7597 168 560 9072 9233 1774 917 8498 5287 1720 9337 3178 8863 1129 8648 2398 2703 3664 9841 2681
29 7320 5097 5475 9685 7084 2358 9494 2745 9457 8974 8499 1182 6882 8371 8650 6743 9119 8333 7040 761 2861 7266 5190 2732 8554 5937 4998 4254 9770
29 3039 8579 552 5153 4400 3275 216 9936 4004 2955 886 644 2852 2576 3271 2581 2692 7210 2164 6571 2932 5995 7252 7074 1305 9347 5712 7399 6804
29 4119 5645 1348 7638 8906 9719 2375 6393 4630 5763 6138 2255 6368 9501 4633 361 3499 6962 2754 6875 8473 2240 298 9181 4961 41 3697 8443 6246
29 1472 625 534 5462 9416 571 1042 6244 1306 789 373 9087 9809 8686 4011 6706 5026 3805 7578 3255 3357 4558 1912 5686 3239 172 5960 4235 7688
29 9888 994 6461 1036 6284 1562 5478 4487 7869 7670 5440 9821 5913 4294 1856 4421 1886 1781 923 9294 3969 3862 9108 857 8533 2834 3074 2530 819
29 3042 6062 2524 961 2343 6868 2258 7896 4545 925 4684 872 5890 9792 844 95 7159 8158 8626 19 7535 6116 8763 9291 4381 3274 4257 6038 1911
29 6392 2648 4632 2305 4715 1575 8178 8328 794 4577 391 6672 8558 8332 5720 2300 1511 4557 3754 6199 3768 5089 3521 6289 235 8218 6755 6650 2994
29 2098 6770 1067 9592 5226 5144 3443 1440 5253 8483 7484 7345 7838 3695 1914 3211 3641 3359 1702 829 1569 5328 8905 2285 4646 3406 1801 3530 1363
29 3766 7511 8073 2399 4034 4636 5682 7872 9324 1971 1516 3146 5352 7860 8140 9681 183 7365 3056 9783 7821 8467 7895 7440 1812 12 637 764 2497
29 9997 8246 8170 9930 8699 8615 8991 4137 1707 409 525 1724 5405 4215 8149 6147 2315 9077 6739 4786 5494 7913 1506 1546 2257 860 9615 9296 8670
29 6261 5325 7115 4006 9520 5 3541 7356 4640 5012 6263 1548 4456 2004 9207 264 449 5755 7476 2665 8452 1979 296 8576 7517 7930 8986 7854 419
29 8090 688 7015 3618 4607 1264 7572 7028 8517 3675 5238 1168 2539 799 628 604 6607 6905 1710 1087 1334 4013 7445 1583 6943 2523 8236 8268 3748
29 389 286 7871 477 7742 5705 2106 6205 4444 6872 6033 7377 6018 6272 639 6134 2695 4836 646 6270 9639 1274 2374 4681 8736 2572 9383 6142 6405
29 7318 8299 5595 7120 1197 2394 5167 7541 1098 4792 6820 5699 8035 7663 914 369 3650 3068 1265 6788 8340 8557 3022 441 4297 2776 7801 3159 9958
29 4467 8267 7395 3903 6973 9761 9329 3644 8793 6296 5366 521 8821 3368 7948 3495 8200 6466 3728 8208 7627 2356 6281 6569 4337 4532 3719 2809 6576
29 207 1595 5077 9408 7625 2677 4221 3243 4562 2083 7071 3955 4825 8015 7493 2278 2245 6124 1684 9801 2543 1381 614 5232 8241 5215 7966 7608 9700
29 2822 6330 5149 6463 4777 9721 9407 9898 7483 8493 8131 7811 2705 6601 1249 367 5643 8425 1366 1582 9105 6536 1966 7376 6832 1428 4461 6390 7917
29 3636 8502 4166 5472 5855 8765 343 5170 1253 5700 4062 1002 1920 3812 8761 9424 2462 6877 8259 6140 5858 1041 2117 4039 2214 5747 6161 9544 697
29 2922 2713 2332 6655 1152 1659 8293 9184 2247 9231 6188 5064 5289 225 3700 6895 3599 7932 5495 4499 9137 315 2529 6659 4367 2942 4890 3472 4275
29 526 3288 9202 3264 6815 5883 6859 6419 6236 5028 1226 7267 916 1661 4276 8373 5199 5692 3776 5362 6831 9449 5589 8606 8002 1385 1323 7270 5823
29 7633 1387 227 5675 2756 7603 2569 3090 8256 987 5659 881 1172 9434 5962 9609 6111 5806 8171 3973 7716 3413 2588 3084 3588 8376 7938 8360 5211
29 2584 1788 3119 502 9612 1462 740 1322 6919 6740 1423 4435 7830 189 1170 7044 2658 1906 7563 5179 1157 366 6771 4908 6408 497 1255 7978 4678
29 9321 8724 9791 5545 3126 6444 784 5670 8506 7045 2230 7275 4100 1701 539 9290 5076 299 248 2598 3296 9715 7465 3163 7125 6305 3404 7422 8799
29 9601 3832 3503 1148 5263 1260 9537 7988 3195 2415 1074 3670 5347 9458 643 984 5924 4244 1910 5778 4333 6805 4209 1277 8567 3959 7319 946 7887
29 7080 1271 2836 4217 5585 7381 6703 9583 5159 2511 5597 2986 3356 3778 5220 8223 1469 3891 8156 348 5623 885 876 809 9576 8165 8928 5930 7162
29 5014 3628 8903 2472 5999 7430 489 2748 7392 4370 1290 7387 9187 5848 3941 7757 6492 5573 4787 1733 4211 2764 3627 3424 7477 8061 8317 9847 9932
29 8019 4662 6959 9797 3259 2201 4495 8968 2541 8700 8122 5533 2923 3584 8915 5114 1927 4094 8233 3732 5283 1699 9623 5017 2691 9023 8070 9015 6632
29 6423 7047 7793 9251 2239 4286 8368 6437 8349 2960 1218 3603 3454 3094 9217 8882 1736 2327 5617 591 6937 7113 5792 4038 9713 9041 3072 6810 470
29 175 9360 7235 3640 1422 9115 3346 541 3905 7835 532 8907 1044 5840 965 7013 3576 1611 7027 9237 2361 5449 2545 6260 4688 5526 6722 2879 2149
29 8099 4759 9460 2933 3295 4248 3225 3486 2194 4306 594 6191 3416 909 4371 5373 8276 7353 2625 9946 6095 4968 880 7972 2498 4346 5374 2386 531
29 5831 3025 5195 2963 4144 1283 8093 7840 4880 6277 2028 8284 1698 1929 1905 3137 5642 3231 9726 2580 9578 4816 4403 4783 6761 6052 2291 3857 7577
29 9151 377 5934 4937 9735 8884 2920 4472 4589 5900 5322 4657 3721 8345 9381 5443 1567 3376 7079 8138 3965 8676 8427 1718 1815 2712 2915 3829 4659
29 6933 5388 5492 5669 60 5945 8957 6112 5887 7038 1668 9412 8861 2589 1452 2372 9507 4043 3378 7070 8612 469 1497 2454 3943 8987 5317 2634 3143
29 3516 1062 1670 4311 1241 8651 4597 9533 4799 8150 1104 3553 5497 1829 2010 6545 4033 4704 5841 6691 7211 3593 3578 1479 2422 7156 7852 3422 3810
29 2223 7855 5941 2858 7151 304 3847 9571 2064 7455 9281 7355 228 6114 9763 1068 4027 471 8827 5444 2641 7140 5873 1375 2478 4384 8978 9782 1635
29 8854 8730 5984 2 4200 1787 6007 3871 9954 363 4857 6927 5852 7792 7276 4373 5627 613 8304 6064 3597 7263 9657 6053 6201 3041 7837 518 6216
29 9351 1831 548 8052 9754 8266 3033 975 5406 1883 9771 1867 8536 6951 989 6624 6323 6512 1216 1884 7749 3725 9602 1874 6717 940 2400 9410 9418
29 8141 4049 9037 6889 1465 8046 1198 8001 5757 7664 1092 2948 8337 8094 6591 3674 4240 1 7023 7710 4233 8101 8326 5016 7730 3355 7861 1551 5666
29 3153 5049 7689 7481 1220 589 3001 3182 902 3784 6800 6862 3314 4601 9334 1070 4378 4406 1845 2208 4206 9840 7600 1374 8343 2329 4548 9918 85
29 333 9446 6600 7335 2048 7180 1093 9485 1821 2001 5055 4153 3020 8826 157 8578 7622 5252 9626 1400 1026 1514 5649 2383 2248 1634 951 7178 7368
29 5500 8653 8297 3462 4476 2775 8933 2331 266 51 4460 5124 1244 2984 6426 6698 7912 5651 7262 864 8181 5814 1086 1685 2862 9030 3589 6952 4188
29 5959 1359 4765 7648 8273 4227 7719 134 4724 3069 3794 7928 9628 4382 2683 5214 633 2047 5043 1850 1476 7182 9503 149 4138 9045 8374 2901 3952
29 1574 9589 8166 4957 3323 2024 675 8463 8541 110 4178 7873 4295 3065 5426 3978 5187 8321 4842 1164 3189 3087 9063 3841 6222 6041 1540 3913 6065
29 1999 4581 7397 2469 2914 7773 3917 9648 6750 9254 4497 7766 2998 603 8341 7556 5037 507 3621 3485 7786 8209 9680 6335 1279 5032 6776 341 7492
29 8033 1764 1734 9459 7707 8439 7086 7878 3429 111 1986 54 8939 4343 7953 4883 9066 9981 7961 6949 1463 6477 821 5158 7604 8880 8037 1738 1921
29 2440 6980 9743 7244 5910 678 5052 9395 9990 5976 6989 1292 7459 3759 7363 6438 4525 7181 370 5047 4198 142 3947 6040 566 9828 6442 1653 3818
29 4760 9696 8205 5113 4442 2633 5714 7526 9675 3678 1852 1493 2389 4511 382 6439 8996 324 4475 5061 1284 1663 9374 5091 1518 8244 9438 5851 4300
29 9742 8183 2855 3201 2141 5313 4858 7751 1725 290 2931 5327 527 7308 8883 9355 8529 7829 2702 4649 3736 7017 4449 4150 2976 9320 3024 845 8618
29 2417 7494 9506 2037 8162 5525 6643 2853 4457 6690 4064 2325 7237 3199 1504 7515 2341 1950 8984 5087 9357 1202 3542 1790 730 9423 1184 283 4916
29 8220 5837 5952 9236 9884 1025 1076 2637 1167 1602 9548 7108 5290 6908 2666 214 6384 8155 500 6555 1343 3538 3994 3706 5391 6012 1607 6587 5738
29 7584 2191 5653 3324 1059 3283 1138 939 5274 7105 8652 1395 1935 4583 5504 7171 1057 1763 6417 7041 7170 1617 9789 3559 1181 3601 8585 4685 6202
29 9738 724 6931 3302 9966 9263 6027 572 6971 9339 1096 7039 8106 3629 4417 9344 1536 505 905 5139 6373 2159 5319 3135 6325 6159 5372 8819 4576
29 6669 6154 9470 3172 3291 7176 8320 3281 1802 4055 1189 1329 3147 6829 8901 9616 999 2379 6120 2650 6372 8881 4210 7228 8219 4580 5928 9995 8385
29 5588 3181 188 8438 2168 1913 1412 4358 3780 3683 6069 8943 9750 5854 2759 3920 5594 4310 1338 9911 562 2621 3023 3438 2269 3734 3349 4965 9741
29 7590 3860 182 144 7323 593 4278 3858 9851 7401 8213 997 9228 3317 838 5095 4125 7217 1286 279 1432 6158 4036 5665 8749 3760 8941 6598 7502
29 6845 6257 3630 6363 4622 6966 7605 5376 7931 5384 2763 2935 2878 3502 5947 1819 6953 4865 2592 8825 6070 7204 372 442 8018 5471 7371 224 2288
29 8044 4066 6245 8120 8063 9678 2301 9622 2917 6567 8391 353 907 1467 3983 1783 7750 302 8271 1116 1234 1843 1183 4993 2264 5593 3030 1665 9478
29 4523 8039 4701 4091 9956 3164 163 9585 6538 1871 8988 5501 9855 924 2730 3180 9214 4482 801 5078 9271 3223 963 113 3157 2706 1891 5418 4331
29 3425 3505 5865 3682 1554 7980 1689 3420 200 9883 7522 1206 1933 6665 3054 6462 6977 6494 3244 8795 7548 423 349 3141 8637 65 1916 1268 2338
29 5835 4671 9584 9304 8751 5360 7061 311 1603 8123 8894 4101 9222 5427 1667 318 5531 5419 9867 7826 1008 269 5558 2427 4615 4841 8290 8715 1154
29 6430 9246 256 7191 5520 8937 8494 4734 8469 2558 4504 3846 1972 5265 9547 7378 7437 2133 772 6558 668 9472 2392 4959 8110 9080 3218 655 8636
29 1109 9764 4088 5134 422 4018 6452 956 8649 1304 5297 4519 5395 2686 2171 6846 9047 9471 5060 7582 4225 7311 5019 7523 4984 9244 9358 1946 9307
29 2234 8961 8971 3698 6407 629 5126 4231 2027 8316 7743 6586 4689 6429 6026 270 9098 7438 2319 8800 2688 9048 543 1061 7094 9613 6883 4767 4171
29 3236 90 9942 4214 1890 4983 8727 7768 8840 2646 7328 8552 2121 1879 8762 2193 8867 4596 6792 3690 7940 7736 8962 4733 4020 8077 8743 2668 9212
29 3353 3562 9336 6416 5298 2352 4942 1998 2289 8289 3608 9247 3435 4546 7702 9666 1272 8757 355 438 2277 9682 8104 1686 3930 6358 5375 9724 6787
29 6638 3496 3911 1139 2965 9590 3091 9892 9338 1242 5601 1023 71 3585 1142 6841 7630 9624 599 97 7945 8998 8716 6887 9633 205 5489 2267 582
29 5455 7186 1339 7969 7442 3036 8726 6522 1836 2919 59 7939 9007 8446 7114 2741 494 583 9266 3666 7255 1072 2566 6 9353 8830 9094 126 7364
29 4473 750 9257 2693 7890 4629 232 4282 1525 5343 1849 3825 6098 8639 2617 5943 3418 5154 5655 8703 7814 3689 6501 7052 8247 1263 4643 2952 2084
29 5454 9960 8386 1983 3373 5416 5058 9183 7317 8182 3850 2891 7596 8775 9959 6365 775 4780 6695 4670 1090 765 7055 8802 4666 1820 8270 503 6014
29 9106 7566 9747 350 6790 3122 3804 6286 8005 9885 5749 2052 8801 3543 9008 2077 2631 7999 8186 9239 6568 7274 5932 6103 3661 2448 2143 2561 1648
29 5604 1038 5555 3350 421 949 606 2738 6944 5355 7942 5309 5689 9414 8675 9421 9264 6628 4868 3372 8704 5364 4463 7520 44 882 6496 9109 7417
29 6808 9194 9756 2384 2752 3238 9467 4273 8389 8486 4292 8808 2355 3705 4598 6321 1571 3113 6939 4853 5271 5363 9631 5571 7616 2501 3161 3059 5723
29 7148 8948 6765 2304 931 3318 4673 3520 8458 323 2522 7188 331 1621 9177 6048 3535 7570 8056 9199 4709 1019 5305 5337 3938 3906 3474 2016 5921
29 691 3171 5721 1772 4126 9915 4313 4524 6553 7709 9173 6454 4132 9185 585 938 5880 9647 2131 347 7 8102 1318 2063 3196 4735 9731 6663 4347
29 2452 9447 8492 3919 1600 9027 2391 6215 8528 1259 1349 8562 6367 9118 6398 1382 4838 985 759 7634 3793 5753 6579 2115 5813 5491 3366 5007 2518
29 8849 8372 8366 6475 1505 1961 2468 1898 793 6256 9526 9677 9833 143 6483 4280 1050 4648 8016 6193 4203 9744 6926 464 6577 3311 7631 265 9784
29 2139 7720 6754 3932 9790 3332 7065 4454 2303 3565 8245 7432 1097 729 4471 8175 9469 6249 631 3792 5656 7169 1857 640 7746 575 6404 2936 3708
29 7937 4922 6294 2012 1267 5654 1487 2334 9044 1307 7816 4720 9216 3981 7058 6998 8960 762 8367 6035 5866 7827 4176 6317 3015 4437 5698 3285 2254
29 2758 3179 3878 61 8833 2401 4694 3528 3821 431 4489 1799 7990 777 7491 8031 4149 398 9779 3566 4007 6852 6241 6769 517 3457 371 2804 8694
29 6603 3775 1066 2570 357 1740 2770 2574 4758 358 5514 8859 5282 1406 533 4072 1673 7292 8199 5697 4216 1208 351 9886 7396 4947 6633 1954 969
29 1826 1568 1437 1192 8327 8693 8594 9272 9186 6630 8917 9728 8665 7509 6418 2872 6078 3293 4911 4806 329 3864 8388 6631 4571 9778 3645 7655 5193
29 5634 4236 6890 6474 9397 15 941 8553 9994 6097 5509 4383 4410 861 3747 5978 8028 7231 9611 5630 1605 2317 7512 1454 2866 6988 6094 8167 4964
29 4891 5524 4568 3316 1124 5436 8746 8577 2207 1039 6856 4882 5766 2014 2845 96 2653 1336 7127 272 7565 9146 9450 8535 2093 9586 6524 4097 5453
29 3233 7642 2335 4327 2186 4165 3537 7513 6854 9436 4262 5420 1319 6187 1146 3684 5485 4645 100 967 8301 4024 3699 3352 8695 6377 5621 2956 2388
29 7277 5336 7496 3598 5181 1588 6634 996 9660 2595 715 1444 1303 7712 9256 623 2753 4164 8491 3245 488 6108 4409 1978 2844 4981 120 2810 973
29 3831 8669 8740 6092 3331 4677 6710 185 7927 7629 8325 38 4892 9068 4723 7184 1977 4321 2988 9512 5626 723 2597 2491 2311 4895 7174 6732 5517
29 4071 596 9635 5127 7416 919 132 1784 7111 3176 7037 7334 2720 7532 7099 5956 514 2181 8291 3337 401 206 5765 9523 1626 31 6271 8470 4644
29 4398 3075 3128 1051 2323 7286 3272 3647 670 5189 648 8931 1176 3377 9359 3067 3971 9405 6958 246 2366 3358 50 2751 8708 2088 8574 6061 9138
29 7883 7918 5898 2003 2051 8966 2840 8572 1127 4736 5793 6183 3127 6471 1719 4109 9427 3125 6775 4429 9938 4427 2824 5359 6136 1446 8298 9607 6051
29 2368 94 4338 8503 8950 9752 6985 5353 3427 2624 9973 3315 1214 9043 5135 3896 4955 1195 3371 8496 7226 4744 8485 25 6366 9535 9573 9838 3116
29 6613 8468 7173 659 9640 6485 2622 4387 4117 2132 3362 9979 1695 7388 1458 8095 4623 7823 5799 5288 6605 7092 9945 7306 4798 1629 5432 9860 6588
29 3160 5241 9131 9785 3623 9165 466 3558 3156 7462 2011 2913 1126 7005 8135 5982 4059 2333 7333 913 7444 8408 5981 1538 9285 3451 7997 4111 6614
29 2805 3384 4773 2599 2906 9322 5912 4950 5105 8588 7847 7000 116 1483 5379 7853 6726 1156 3880 1043 1159 7145 7501 4850 5864 2105 5774 7568 2980
29 6197 1752 2793 288 2145 2144 1677 4621 2403 4363 5413 2120 2066 7809 4851 9668 3047 3602 6083 8869 9102 6109 8127 7734 262 6573 5845 5991 7690
29 3016 7901 5967 3312 817 837 7408 5138 8076 4931 8511 5329 5281 412 9800 5577 407 4493 7832 4513 6019 9369 2865 9342 4877 2828 5970 3334 2894
29 1959 2156 8432 8919 5207 2049 62 771 6547 8723 7610 7706 223 7620 3894 3853 2740 325 7447 7956 2035 8430 3712 8685 7705 8658 2031 8265 7456
29 1141 5354 2785 3519 4415 5082 2057 9406 1777 4641 3742 384 1034 1261 8329 8610 3574 1973 7208 1075 2628 8229 9061 1878 1800 7677 578 4635 6906
29 6096 474 1768 3260 2755 6504 7842 7598 3100 1427 203 4028 9651 3251 6228 7126 1047 756 4498 7241 9663 8738 4362 1877 251 5787 1672 9431 6090
29 13 957 3681 4769 9702 3380 9831 402 8249 2788 9690 3431 6456 5691 4288 3963 1887 3571 4261 5431 8048 7391 5785 2072 9582 5430 4058 5284 519
29 5798 9561 2557 7351 5117 4304 7464 1932 5401 7671 9375 1045 9372 6941 522 8780 8764 9046 2453 1379 7446 4445 4121 7354 181 7741 9971 1690 7796
29 187 4107 2874 1590 9817 7485 393 4356 6300 6329 4856 3058 5661 3136 4829 2251 1616 5493 6759 6314 2733 5576 4848 6478 8994 5685 5789 3529 7207
29 2209 9718 2152 7384 1325 8701 5744 3079 2322 468 6697 8505 8721 7549 8109 5356 9409 5825 307 4846 5165 3561 9167 1337 5527 5586 1027 7165 2436
29 327 8453 9992 6482 1745 6912 8375 7393 1354 2061 4124 6590 7941 3449 9902 2185 8242 716 7635 463 944 5145 5217 6782 892 47 788 4419 7234
29 138 27 330 4717 8204 4393 7375 9078 1609 2320 8862 3490 5200 6337 8489 6540 379 1654 4389 3916 3843 8719 5085 3081 9759 5398 1727 362 3595
29 5679 4980 5608 4067 2195 1239 2138 2591 5315 1310 413 4168 140 6010 5027 1416 4970 303 9162 7398 3093 2210 316 7717 77 1486 4512 6942 2103
29 306 7539 7358 8949 9899 9549 590 2774 6163 1692 6914 5083 7340 6684 7586 4139 3927 9262 7133 9516 945 770 2905 7602 6356 4695 953 6898 694
29 6440 4801 6720 9787 6374 4250 4903 1342 8322 9203 7503 545 92 6176 4551 7069 7221 8587 8113 5164 6913 9305 1731 6022 8712 4380 4268 1791 4131
29 9053 280 554 9699 4151 2746 5683 2450 720 6472 3364 3434 3124 4218 1358 1598 8139 4191 326 1729 5321 3053 8852 4721 5386 378 9829 7315 722
29 152 8121 7611 896 1758 515 6299 1299 1759 8912 7336 9993 3834 3321 2546 6629 9209 7808 1656 1101 8064 1155 4296 9978 3859 9894 2059 1212 3767
29 1717 1130 7402 6117 9073 6211 1521 7296 5911 1301 6225 8347 2316 406 8254 9122 618 4534 4595 3475 8809 3990 2025 9766 1333 3668 6332 7747 9577
29 835 1030 5564 8547 5258 1293 3300 3489 9554 3388 3336 2426 403 1091 4943 982 9560 5899 6527 7550 2880 3294 8633 7601 8935 8305 8771 8683 6172
29 6570 3210 3701 2736 5598 9629 4093 3151 5302 5838 5397 9689 2780 2354 1494 8362 8221 8196 8643 6469 3140 3523 6774 5521 5795 5285 4422 3080 4901
29 4078 773 6857 1275 8234 8072 8006 2136 3770 4559 1526 7076 510 1188 8621 9312 5248 8119 4399 454 579 4484 9301 4320 9143 4680 7839 4063 7010
29 5254 5801 1531 6493 653 6016 8958 6652 5969 4396 4665 8296 865 7884 9923 6220 1613 5236 2271 3788 6297 3980 4426 4510 6916 5276 5257 6656 2507
29 6812 7487 89 3278 9484 1794 33 4251 7755 6824 8147 9703 2842 5450 8560 7307 3814 2806 7350 5602 9341 1859 9514 88 3909 7223 1150 9404 7326
29 6599 6891 9417 1909 273 1123 5867 9235 4185 4500 1749 1557 1618 3685 580 4177 3512 8847 7628 6682 4982 9479 898 9221 8845 8893 3970 8479 63
29 9714 2146 7096 7309 6030 2664 1612 3741 5772 3130 4679 868 1747 683 1401 9252 2708 834 4056 1970 5745 8275 2987 6499 1266 4913 7470 4037 6479
29 6885 4303 6200 4318 9120 4408 6658 7880 6535 5142 3379 9029 7560 1952 3028 3525 4232 2975 705 9521 5788 3726 9364 9022 9962 5548 6821 8879 960
29 2652 1143 9951 4480 4716 8462 8831 2435 4885 5119 4945 5249 6993 9367 4637 7558 263 9487 4357 4899 1722 5250 6239 6248 652 990 5736 8631 4329
29 6056 1204 6214 1818 1608 3266 3242 9107 6559 4785 3330 4375 2465 4161 5718 7196 7236 1450 7283 8580 6122 7818 6560 3219 2203 8750 2371 1367 3232
29 7678 7175 1842 5115 7295 3757 6566 6902 5760 2843 1431 1215 2044 4919 3942 2237 635 8461 3276 1252 5871 6825 6465 8770 1119 6303 7772 5562 6148
29 5371 3076 8399 8586 2430 5051 2439 8920 4194 5568 7407 7213 55 782 9091 2287 8401 5810 2420 8817 1984 7250 8772 714 2718 8582 8062 1235 1766
29 4189 5008 8026 4909 8820 738 851 9880 9314 1269 6705 39 3284 6063 7035 2125 9387 3184 4742 5923 3564 9402 4624 5408 1947 8895 2807 8180 5255
29 7782 2091 9868 928 9836 5896 8281 2242 4190 3487 8617 2122 1405 6143 3446 4148 9630 7881 6853 1084 6700 1455 1328 37 5985 3663 8353 3188 9346
29 1579 2698 5324 5237 2614 3671 5368 8679 383 4432 5314 6999 5417 1418 3477 6282 5590 5628 9922 9230 8664 6592 9948 3510 7463 3207 1991 8964 7649
29 9435 1415 8710 3385 1964 7144 1373 9315 1411 1081 8877 7753 2148 9769 568 9430 4700 414 5246 5605 3397 3750 3655 2360 4459 6667 4674 7153 3082
29 701 3209 7787 7929 8872 5020 5796 8897 7592 4446 9056 4223 8611 4081 3061 7102 1840 1013 2700 4439 4508 8748 4613 3426 651 5950 2444 9873 6491
29 1577 8835 3579 3476 3764 6657 2868 4809 437 734 8089 1915 1490 2165 1530 6075 2364 6725 483 4464 458 3626 9198 8955 9788 3120 1136 6647 5107
29 4141 9727 4951 7636 291 9937 682 2238 6562 219 2055 4564 8448 4749 2560 9673 6802 5464 1903 2898 7599 1362 9569 4741 8197 7478 2380 6133 1289
29 4506 7205 2000 7449 8193 2519 9121 174 685 5293 8330 300 4376 4423 337 5971 6146 226 424 8692 6514 5339 9539 2197 5936 8953 2467 5410 8311
29 2851 8561 1896 8400 2506 4933 9909 80 9084 4864 2078 1723 334 1321 7919 3463 4814 3109 4860 5335 9319 6290 7073 1930 2731 8731 3279 4418 6207
29 2854 862 8177 5881 9384 3680 6779 7915 8914 8476 4201 8976 6178 8185 4226 2949 5484 4847 608 1844 364 8065 7480 9074 6818 6068 8784 7908 3399
29 2820 1539 8927 2228 8053 4587 1131 9745 1767 6276 7473 5279 1371 1056 6375 5775 2290 536 9701 7825 136 3221 9950 5819 7991 8060 6189 9882 9600
29 45 5262 4757 9606 7528 8418 7412 8022 4044 400 8260 4869 2416 4986 6414 3672 4496 6965 5986 742 6107 4755 699 2405 79 3583 8744 1315 2451
29 9371 4989 191 170 6283 8108 8798 484 3654 1676 70 8967 4092 7025 4779 9232 7673 4118 5733 9807 2958 3691 3577 5342 7508 5650 9444 6546 6575
29 570 1599 8227 5349 5244 3610 8756 5850 8645 1679 3313 1564 9116 2463 4918 700 903 5884 3261 4886 8600 5172 6917 983 8803 396 9580 2296 4361
29 4115 9957 4507 8049 3009 4104 5125 5556 9327 7419 3986 310 5118 877 5067 2326 5394 6946 9480 6589 1945 242 5155 1995 717 677 7764 8307 1199
29 671 7545 6595 276 6748 7992 4627 7117 7316 4264 995 6224 1436 5817 1885 9588 2130 6315 3737 8098 727 6370 6583 9953 6920 4274 6320 6480 647
29 7324 6001 5069 6231 5151 8575 8381 9795 6186 2689 1011 3298 5834 2724 2893 7018 112 6400 8107 4987 7547 8357 2162 5728 8810 3796 2273 7533 2423
29 660 6543 3937 7458 906 2339 8417 3625 6550 4527 9035 5998 3686 8814 7431 9570 5447 588 3822 9432 1357 4537 9433 3752 20 103 2850 2587 9895
29 6781 2090 7569 6168 3696 7668 690 7278 2937 1545 1688 9332 4428 6298 866 9283 6861 884 9345 3466 6468 4859 1447 5629 3940 852 7934 5227 6627
29 9145 816 7475 2042 3139 3733 6622 4566 1882 1193 5222 8878 1919 3011 1892 7271 9011 5205 3162 9401 4253 4563 6986 5101 2211 6637 2895 3870 6422
29 7995 4878 7251 7230 1855 908 6990 8911 7202 6268 8153 3631 3488 339 7146 2060 3409 4054 8571 2192 6034 6855 11 4255 4936 9064 6435 7718 9604
29 9543 8085 5846 3643 1049 4573 8500 8620 4953 4388 4040 1825 4612 4090 2939 7172 9513 4541 3539 3600 7420 7594 1031 3948 6828 7968 5591 3444 1445
29 5876 1377 5973 874 9806 8549 9302 6359 5439 5403 7284 7009 8435 2632 210 274 8614 9671 9676 9171 3966 2575 7139 5702 8117 4872 6626 6279 5885
29 3590 811 702 7744 5182 6580 9864 9437 6331 5121 5983 4316 2390 2903 5732 2475 8707 3432 7495 1273 8785 6467 8160 3848 5459 6311 1638 5836 592
29 6975 3235 5903 1100 4050 9096 6731 1770 6793 1610 3105 3606 3174 6388 8279 9595 2889 650 3615 847 1065 8923 7658 2778 8146 7804 8187 5681 7527
29 3660 1492 3471 8890 2535 3118 2298 3170 1839 6708 6171 359 6206 2944 3461 5758 2697 4453 8198 7051 921 8635 186 8542 3547 4224 5216 6843 4087
29 9191 7313 8657 5914 1863 3412 1229 7441 2161 230 7257 7983 115 6129 3441 7615 9297 7813 6195 1649 6608 9649 9101 2964 1958 2737 4354 4605 3227
29 4466 4246 8080 3855 5460 2218 4722 6295 6328 5133 2629 8294 4992 9448 4317 2979 7676 5672 3638 9396 2180 6342 5225 8527 2537 2345 4586 2582 6091
29 3875 8546 1924 667 7986 4718 1055 3326 3882 1020 5904 4127 9466 6721 9060 8908 2043 3253 1058 7506 6071 5710 7461 2065 2627 166 7004 277 7414
29 2823 9054 5136 9732 676 721 970 9753 4017 6795 2068 9793 2262 5306 2114 3437 8534 6288 6863 260 1077 2476 8169 2638 7411 4762 6371 5204 7264
29 7643 8207 5917 9286 2085 9489 456 2687 7693 8206 7767 9092 8661 8066 2671 8688 2564 5816 6054 7646 7057 9399 4012 485 6059 1022 8589 6055 2107
28 3922 8440 7014 1675 9772 9773 2838 6747 3185 6344 8067 4290 7877 6024 1968 669 4750 887 7141 774 2831 8359 783 374 4196 4619 6513 2134
28 9049 3968 3258 6402 2578 7621 4486 117 356 8689 3506 8734 1650 9010 7692 958 2111 1581 1291 3428 2605 542 3483 2376 4411 3173 4353 7996
28 993 2550 8543 2715 9382 6767 8865 6309 252 9737 2373 1589 709 6457 5727 4434 5741 8082 8331 3395 2347 7452 5234 5996 7192 2959 2829 9163
28 8078 9538 3460 479 6410 238 5348 3103 9059 6523 5530 1166 8691 6508 2704 5519 8999 8034 7285 342 3787 284 5709 7524 9805 6673 282 4712
28 156 2414 1424 4068 3735 6681 8526 7944 7240 6675 2802 4687 5768 3923 2204 5270 1173 2663 4924 1901 5722 4283 8965 9032 7413 7726 7965 4364
28 2995 5160 6729 1407 3417 6822 8410 2409 8274 5879 1419 5963 8231 1352 3786 8759 955 3824 4618 9125 4022 137 8838 5515 5536 3168 7123 2007
28 7653 1925 6610 7979 2573 6869 9147 5916 1012 9854 7291 1000 8892 5451 3034 3692 6223 8336 9706 4686 9234 7862 2856 2991 6833 2385 9388 9643
28 8407 8339 2649 3867 9967 6125 5857 5506 4938 2552 9917 2116 9618 5993 3063 9325 2432 9653 3031 8 6118 6080 7619 6431 5110 3092 3008 5470
28 9141 7343 5908 429 7109 7769 7185 9394 8828 7390 3262 1460 7056 7242 5581 2324 2821 7129 6678 8403 1696 8521 6858 8363 1404 574 3202 1773
28 2636 7639 2890 4099 8074 9777 792 2762 3745 5235 3078 3191 9179 3974 1963 3344 3639 5688 9929 3976 8735 622 7967 6077 6490 4954 9866 3808
28 1386 2864 6778 9130 1644 53 5228 4134 1620 3774 9910 2887 2859 2973 8348 611 3567 6050 7943 8525 8570 8136 9193 7583 3649 5734 2481 2157
28 8346 8128 9200 8324 82 1969 9665 8873 8441 9308 8602 2153 7072 6945 4761 3616 6180 3884 5980 3445 1384 4810 3498 4222 7970 1601 4556 8898
28 7609 2803 5938 8130 6313 2221 9546 3604 9949 2654 9815 5169 6115 7288 4128 6611 2727 1780 7357 7098 3933 9225 2437 197 5261 8682 1697 5473
28 6340 5944 915 598 9033 1681 8257 2908 177 8728 5035 9908 3975 6809 6757 2006 2219 2411 2118 6604 3935 9206 9536 8084 7923 7856 9152 4771
28 7849 4260 5532 8356 5566 5860 2429 662 2470 8238 332 7771 529 6735 947 7763 101 3325 4653 6381 4932 520 9348 8823 509 9927 6960 7555
28 7851 2496 5206 1860 3762 2036 1547 2744 9415 2892 7409 4401 6585 986 4813 4332 8288 7591 2026 6685 748 8382 4485 948 486 1967 7926 8932
28 7662 2563 5041 2263 3367 3411 2295 3997 4385 1132 7815 8159 6213 2682 9796 7385 2292 7189 2941 1180 2222 1982 7490 3351 6002 7731 1678 2528
28 4904 6597 3575 16 3391 3755 7538 9461 2179 8025 3863 5701 9303 7623 7088 3677 7626 180 8444 7325 6081 7665 4336 5764 1227 9164 9968 9768
28 1111 6557 3833 6250 4529 979 930 5742 1895 7651 4243 933 8604 2235 1308 8942 2226 461 7879 4991 1356 2102 8789 814 4271 796 3468 8816
28 9168 1312 3383 850 6000 4252 3205 3480 6230 5490 5175 5404 6025 1847 4368 6380 7081 2660 2344 9711 6031 4971 459 5560 3936 7214 2099 6179
28 9284 4447 3772 8717 3150 2166 6816 7347 7748 6572 5429 4374 2825 259 5820 7238 6521 2309 1652 9846 5893 5902 6355 9572 9112 3607 2670 6806
28 4065 4433 6819 7026 2966 8992 5079 7561 8680 6860 4140 7531 2900 8038 5006 6453 6079 538 3718 7403 8361 9259 10 1951 4973 3652 3956 212
28 9111 2847 4751 5461 2930 5229 164 6738 5278 4520 8889 5488 2833 8137 7587 6930 904 4162 7632 8856 3658 1827 6661 5538 8782 8272 8151 9802
28 5062 9688 4996 9039 6177 4001 1750 1735 5168 7765 9500 7282 9655 9844 9299 7681 193 8702 3222 2490 4939 757 2160 4108 7121 8776 8640 8096
28 2849 8545 9820 2205 8282 5448 1994 308 2679 565 4898 8815 4430 8334 2882 9757 2972 812 268 3761 1078 8014 6981 8520 196 491 3305 6173
28 8598 4634 4122 7060 4710 3292 3667 250 2680 3532 9835 7195 8616 345 5152 1866 9323 1789 1565 3751 6458 3200 1311 9124 616 8792 8619 9192
28 7914 9328 6265 1862 5612 7723 5022 2771 5084 2176 8224 7400 1320 430 8601 2015 3799 5003 1471 46 3617 6089 7197 6293 5275 9474 2969 5044
28 9832 7179 49 460 9515 4355 6676 380 7468 2286 9529 4873 9490 2761 6692 7212 5013 3885 2112 3342 7254 5025 2336 3998 8100 2616 7474 3021
28 9189 3169 336 9378 4976 8681 7239 6389 3724 1792 7243 8222 9739 4074 3889 4477 6924 6724 7510 4441 8021 1107 2729 7868 7542 4197 936 9827
28 3123 698 4481 9984 5658 7715 5188 7675 9808 576 21 7423 4547 4180 5800 9196 6106 3960 6058 4301 2081 317 7498 1716 5196 5849 9100 4871
28 4753 5233 9104 2459 1737 2701 8970 6817 1549 8603 8358 2474 2495 8020 1853 8732 6204 2070 9730 3967 1755 5735 1297 8788 7521 5926 1327 5988
28 8232 7030 5213 8464 3707 8421 8012 4478 3544 2009 5192 5292 2092 9 1392 4756 9659 9709 6839 1510 4073 1658 6602 8777 2709 3979 8774 3555
28 3155 7382 4754 3005 9273 2126 2346 1340 3341 2183 9976 4988 1085 680 8796 5565 5541 5389 9920 1394 410 5922 8308 7683 415 2357 7921 977
28 4960 2711 4060 6623 6150 5066 4183 4377 9853 5045 4941 4136 2033 863 475 1488 4740 5272 9511 2127 1438 9722 3257 5009 7788 8596 1739 3071
28 3902 7256 3856 9227 3763 2555 7259 8790 6615 2707 8466 8214 2184 600 32 9729 418 9553 6336 5616 827 9210 5140 6141 1981 6008 1875 3554
28 1813 159 1186 9224 7232 706 8924 9975 5878 871 569 8813 4599 7696 1517 9292 7500 9174 8997 6896 9265 4569 828 9020 7164 3148 5050 511
28 4172 6897 4238 9755 1776 6464 319 4672 4079 6715 2924 2188 394 9736 7233 2283 4051 8480 1624 2827 9926 29 5180 7595 3014 4561 3062 4875
28 2600 1035 5476 540 4195 5990 5435 4642 6162 7024 1643 1754 6763 2811 4199 5299 9276 5422 244 5194 7669 708 6899 3729 4228 1015 1211 8351
28 5465 2607 1704 2244 9123 1715 7149 6395 4025 6084 991 686 3456 6915 2342 254 2216 1231 2726 6132 7269 8531 607 5946 1543 4600 2814 9354
28 3363 4469 8523 6935 9079 4697 5901 9456 8292 2318 1872 9482 3310 8426 1461 4335 9169 2792 8671 4770 6165 9331 8632 4593 5725 7951 4940 6865
28 3190 9662 6640 1756 8237 1276 9055 3203 2233 7330 3743 9952 9300 4045 8148 981 830 1502 5750 2871 8069 9550 823 6534 9148 9687 7593 1778
28 6042 5370 2330 5247 2479 6753 6427 499 9267 7304 7925 1630 6085 6182 3175 1535 4656 595 524 9644 1775 5715 8739 7505 581 2848 2349 5561
28 9670 5147 1330 9385 663 7721 7201 1258 5769 893 5036 5291 781 6406 1552 6968 4570 8396 4023 8457 7434 5992 1443 3112 7544 8195 8402 6088
28 9475 1938 910 7698 3844 7147 7488 7110 743 9270 7875 3548 5332 1046 9935 3470 7803 17 3773 7640 8405 4729 6541 2926 1762 5092 4714 1099
28 5046 2297 5197 4803 4386 2912 6341 3513 530 6515 4130 7645 3798 4603 559 1496 3740 1640 1591 5641 6834 1153 9819 4369 8979 9113 2985 4014
28 78 2351 2005 2140 9139 2801 5580 3299 5090 7955 2100 8144 1144 2657 7859 9617 2445 6712 7964 776 1513 3070 7799 9557 6660 2911 1928 4690
28 1587 8184 6879 4535 7116 785 1300 5424 4874 974 2030 6997 7007 6174 6502 1713 6518 4010 5708 3217 4102 1018 9903 4664 621 1071 696 5273
28 3249 3551 2813 4917 3405 6746 9223 2021 1028 6385 1647 7059 2877 8142 8124 5378 6334 5640 1480 8705 6645 3861 9508 2328 9517 390 950 3570
28 8725 2086 8870 6970 7976 9241 1854 5396 3158 4542 8677 6954 8538 9389 5072 5409 4492 1240 8973 9088 1324 6903 5776 6076 6784 9765 9161 7775
28 6950 8394 5529 9811 9428 1133 2644 6274 3234 3508 1708 9051 6728 5839 4351 4934 4555 5385 2259 8086 129 5824 6273 2812 7386 7900 4540 8114
28 3060 8447 4169 130 1250 408 1009 2797 1897 1082 9368 8189 5108 5330 8787 3961 6768 444 7762 9269 4029 8287 932 7551 7791 5678 2431 447
28 4768 405 810 7253 5940 3851 703 5784 420 465 3228 642 7404 7104 9996 4676 3895 9070 4086 176 433 9468 9905 9065 7280 3653 7903 9481
28 962 7132 1468 108 6983 4655 3722 6099 3984 3167 3229 4844 3131 5219 8807 1664 5648 9776 7684 6247 6641 2438 2784 2250 9208 6798 5513 2719
28 4616 3665 2554 5129 4966 5251 5224 8365 8377 1219 2509 5550 3134 3390 57 4112 6353 4609 8054 5267 9834 2190 1500 754 7770 617 2925 6625
28 5919 9890 6497 6664 5534 6922 5610 964 8460 5425 6185 6287 564 1102 1507 6837 6714 9551 5927 7067 2455 8428 8929 1347 1509 2008 7850 6537
28 6190 3782 5511 9804 9150 3186 1243 4452 5146 7876 7352 911 9278 3132 9931 7564 9103 5150 535 9026 5684 7339 735 5402 6308 9916 6498 3006
28 395 436 4503 3322 9190 2279 7349 7338 4325 8309 5951 3982 4985 4578 751 3250 1918 1033 6967 9614 2816 8508 5316 8112 6709 5256 1473 8887
28 8551 3247 4994 2971 1429 7679 9961 4550 5496 1089 3925 6460 2818 8842 3108 4207 4610 6689 3248 1230 9519 8163 4265 6797 7518 5729 870 9556
28 3256 2583 3027 968 8445 5318 5925 2950 3802 6711 6918 76 1459 4098 7831 4080 645 5393 9641 1335 2486 1646 18 9667 9642 2189 3826 7187
28 445 5535 3972 4896 3177 1257 9242 9565 3430 3340 6609 7824 7443 3807 5972 6451 8667 6387 9144 7959 4220 2377 5381 7342 9934 6074 6737 6121
28 3511 1893 8513 9128 9751 504 1593 5163 2281 6015 1622 2647 567 3464 1662 5652 5040 2492 9530 495 959 9379 1005 4884 6013 3421 5481 6017
28 577 4796 656 3064 5333 8766 4948 2232 5861 4638 4921 1585 6386 58 5191 3370 9419 9534 5468 7780 707 4173 6702 4366 1396 1010 4962 7886
28 2586 6319 8850 8118 3268 4784 4553 3669 7981 8904 3813 6318 6310 3879 1482 9877 2224 9717 4572 3394 6067 1162 3154 6086 7807 3057 9786 7471
28 3815 7337 1556 9632 5005 6280 1592 2433 9289 7784 7727 2946 4402 3382 1137 4815 6104 1623 72 6525 1528 1501 4155 2046 9900 2999 4897 1990
28 7759 4494 1805 40 779 7667 8176 7379 4193 6606 6893 5694 5198 4602 1409 7909 3890 2270 9016 7685 7920 6840 4319 455 2819 8484 9018 5240
28 3117 1125 8143 7864 9129 158 2154 3556 8154 5843 9067 9704 5974 6060 557 2508 7514 8023 7732 4778 5414 3673 5341 5677 2938 3197 2075 2565
28 6130 9157 8934 5553 3620 5726 9955 8264 3912 4958 2867 6674 5847 5808 9707 6350 1088 241 9085 2023 1902 4462 6139 3098 5549 9723 3106 3048
28 5954 5383 8565 5696 1210 208 3573 2674 1121 3989 3892 8437 2080 3393 3026 4146 7206 6760 5931 3915 1200 1953 3374 8203 3354 9422 9645 8753
28 9155 352 7695 1520 6516 289 236 5157 6436 1532 878 2178 3121 2743 5716 1439 3837 5098 4187 1940 4245 3739 5184 8174 547 2904 4502 7947
28 4974 1691 9492 5128 8530 4314 7691 1174 943 9093 2590 67 5579 4160 5202 5505 2485 9998 2602 4711 1534 3613 5445 3727 6921 8501 1559 5392
28 5266 6488 8969 5632 879 9874 4307 4692 841 3320 972 7525 4179 9845 1094 3657 8087 1224 7433 3550 3749 6733 2553 692 8846 9774 1313 2623
28 8858 3452 7011 5483 3744 3267 9599 1420 1797 5070 5096 778 8248 3568 4213 9483 3928 6110 6528 9386 6243 2089 7486 7457 1937 6028 9188 98
28 1179 5955 8592 5112 9076 171 5619 5759 9240 3865 2513 8191 8591 1761 6670 3102 3204 4706 6232 6987 5762 7389 8690 2667 1939 9904 6269 4625
28 7426 7613 6992 5387 6445 5783 2918 435 3715 1671 3277 8755 5162 6484 2369 802 8210 3046 9597 8662 8806 506 1900 9034 8081 8916 6947 6135
28 1808 8568 8027 1809 3907 4053 1414 7227 5312 8211 5547 6252 8455 7118 664 8990 6376 2447 1190 7095 8729 9859 7857 8032 2094 624 8583 2155
28 654 3929 9568 1278 2013 7974 8569 1944 7993 8040 3791 2502 1128 673 4120 9598 1169 247 8947 8380 3497 1570 9661 4631 9912 6762 119 4747
28 719 7735 8983 1140 4436 9974 555 7777 243 135 3546 6552 5024 5761 6433 7200 4522 1584 6734 104 9775 6636 7754 9524 6704 2067 3957 9343
28 8995 9594 1040 3560 6563 443 7910 3651 7680 472 6210 584 1489 7612 6450 3458 6302 4654 7168 2742 3115 8079 1669 9069 2505 5918 4516 537
28 1666 846 8977 8841 3050 73 3114 2313 739 4095 4281 1163 2314 2082 2464 6226 56 3594 8379 9009 7198 4075 7101 9924 7152 7089 1533 496
28 493 7704 3899 8003 1080 4181 91 9350 7916 2722 718 6651 5411 1721 2220 4424 9040 5957 3433 8312 6923 5518 9813 9082 7810 8011 5635 7049
28 1753 6347 2604 1442 1448 4887 5637 2158 1477 5382 2943 7958 6646 8864 9390 5662 9674 5212 7783 6870 4041 6801 5120 1254 1316 9987 2532 6730
28 7576 766 5740 3746 4152 221 43 1194 8042 3398 5584 4565 8352 4748 7310 5730 5056 1941 4826 6346 6886 9318 2483 3450 253 1464 2594 6596
28 3183 6982 5528 2876 3410 5868 899 5587 4341 2280 4774 6449 9158 6044 1353 86 3869 8900 7479 5625 3874 6101 3995 4450 6533 2544 3868 1868
28 295 6683 8481 9559 6995 1165 7891 5223 8627 6233 2260 4914 8666 2413 6338 6539 8029 755 8839 6333 1251 3823 2612 4105 5711 9991 8539 202
28 3440 9858 4794 736 4455 9907 7870 1368 3037 4263 8794 4533 6510 3893 8338 6166 7546 5631 4372 8767 8059 4620 8188 7618 7617 9398 5002 7063
28 9058 6791 1746 5537 3582 4156 813 5433 1149 1120 2909 7863 2276 9081 8378 66 7155 2087 6827 1296 4308 4000 5286 1786 8559 5161 9349 3375
28 9581 6668 687 9933 5968 9708 6519 8488 4145 6037 9545 258 2017 125 3152 2187 6621 6343 9758 672 9843 146 942 3687 6415 2881 8548 1397
28 2772 6152 4808 4279 404 9258 9504 4969 8251 4110 7036 3507 8605 1744 9024 7779 1117 6045 2473 4330 3924 8888 752 4008 6867 3962 8945 1185
28 7136 9288 7439 5310 3898 6554 3479 7369 8687 9442 8258 3515 609 2645 4776 1122 5539 8116 2402 9965 9541 8411 3586 4287 2567 7261 6157 2661
28 2993 9887 2365 7219 229 2992 1542 2794 87 4272 7776 6976 9370 3269 7882 4845 9893 6326 1955 1757 867 2934 4267 5660 1474 8416 7424 2406
28 5057 7297 457 3149 5171 1985 9540 4089 7163 6584 3835 8008 9249 3771 5075 4414 2593 5331 3852 9532 6401 3526 8622 8747 3988 501 9650 3876
28 9340 2830 314 563 4046 4391 7022 679 36 1032 161 2826 1948 6253 1451 4839 9683 2321 4604 122 6259 8157 3688 9277 1393 2041 6235 7907
28 7138 3581 1364 1014 7161 4009 7406 93 6764 5502 9562 9654 7429 9135 1145 5695 8497 1073 6964 3012 797 3572 2340 978 9476 24 836 7460
28 3491 9213 5209 7752 6910 6348 6551 5177 8812 3086 7209 6648 4147 8963 8630 4488 6170 5614 1625 763 7819 8474 9004 1714 9134 3328 4775 2678
28 9988 1846 4944 7516 434 7728 9356 2337 689 4997 5311 2412 5905 198 6156 5546 2110 8804 4861 7372 6194 6455 6593 3527 749 1288 3633 5320
28 1965 5130 271 5751 4249 1441 2782 5875 7660 7580 5781 9983 6948 4713 8871 8860 6884 2899 4763 853 155 8344 2079 4608 7738 3308 6842 4821
28 8544 5557 9361 3694 3954 4005 5201 6446 6473 2071 5592 741 3095 2967 2540 2888 6758 2886 7573 5469 3624 1110 9977 2559 638 2268 2781 9799
28 7245 6785 8851 1822 2815 1604 2642 4395 4575 9126 9720 9664 5894 2500 3096 492 9525 478 1823 9746 2773 9176 5575 4042 4291 8487 5717 1993
28 2603 8698 9166 3659 7543 6242 9229 6361 4247 1207 452 6814 9250 1936 3401 8129 3043 2227 1619 8524 1388 217 661 4416 4702 6397 3381 2217
28 2863 523 8286 6936 3442 4175 4302 1222 1485 9153 1256 4440 6378 9694 4157 5646 4693 4738 5463 3077 8091 9013 5300 3045 5882 4352 5021 711
28 9861 6687 34 4824 9816 791 8791 2266 1326 4652 4728 5442 8722 918 2982 9564 6009 2173 8230 4663 9275 8951 7897 7453 3717 2907 4791 2783
28 9180 7229 1247 8797 2640 6556 2018 8673 4003 4158 5906 2040 9906 9160 6741 5268 2484 3790 5572 3282 4675 1529 8323 6339 5805 1615 4832 4594
28 1572 8896 7380 8829 627 220 320 1541 8004 9260 3402 5000 7589 9411 7199 9400 9295 6039 6127 1992 9638 2363 1633 2927 573 467 824 9558
28 9872 7781 5334 4650 2860 4192 1674 5303 9491 5071 360 1709 6581 5367 5230 1054 7836 5399 8300 5099 4626 9610 9335 3208 516 7789 3901 2791
28 2038 1817 4807 3781 9268 6794 8609 800 5802 8655 2547 2857 5869 7973 1706 5746 4106 2229 1806 6285 6880 6066 8302 9170 9710 3289 7362 1864
28 6424 2163 4797 6635 5116 2768 5693 7467 141 1007 5578 4582 239 1223 48 6786 5239 8313 9749 165 4528 3309 3447 894 6327 2716 2493 4978
28 2182 7708 2777 6925 5574 5210 2096 8741 4889 7268 8253 5770 5080 1294 2837 2757 6617 744 6307 3052 1355 4242 695 4927 8068 448 4881 8194
28 7822 1425 128 9019 4186 605 6221 2499 5369 1980 4032 2610 9311 9261 3514 9823 8226 4035 2045 5111 162 2074 4979 6688 6503 8024 1522 2494
28 8595 3104 6796 747 4560 2873 6826 5639 2039 615 5647 3563 8989 3806 7844 5737 9999 1578 3945 3900 5961 9306 8985 9878 641 7029 561 8805
28 5552 6227 551 6234 5829 5542 8913 8478 7142 7745 833 1402 8752 9672 2348 8051 2419 2174 4359 2458 3509 7567 8243 4746 7106 4518 8092 3504
28 4114 5613 7329 9052 4834 7158 9238 8423 4831 5023 5304 5811 5259 7962 2549 6594 5295 3419 2460 4972 5743 1232 5657 3842 5466 8228 1345 3642
28 820 7006 5889 2482 3953 7177 6500 5010 2562 1248 7536 4515 7846 7077 5346 9197 6403 4070 4719 5754 7530 7892 5039 6713 5344 3345 7697 1596
28 1769 1187 553 5997 5148 8954 8285 9762 194 2457 9970 4021 8855 7682 3723 5827 6807 5989 7093 4159 151 5452 7977 8672 7858 587 6542 5644
28 4764 6671 8415 5815 8261 2236 6616 6212 8876 8477 2725 6582 8956 805 895 4340 5487 3327 9896 2449 4154 1687 6909 6907 9705 321 6240 8314
28 4611 1573 5966 6961 8471 6379 173 1888 8638 6412 5412 4266 109 5093 7893 3301 3319 4299 3414 4269 2196 6420 4468 4905 4995 7435 1484 9255
28 8980 9850 8781 5895 1380 7607 4298 8263 8783 8944 5964 8335 2577 5015 4855 8295 386 7143 5636 9000 6144 8202 1527 5294 426 2487 8132 1793
28 9392 3827 528 1976 6237 9097 4795 209 5862 1118 4833 9862 2606 9279 2981 8283 7834 8041 6900 9142 7686 8126 6799 5615 6169 4590 8412 5033
28 4804 3877 6888 69 5456 7436 704 3854 5748 1519 7614 3035 1003 133 3609 1114 4438 440 8608 3000 890 2669 8433 1580 1765 1655 2556 9510
28 3883 5467 1113 2252 3455 6262 8201 9182 3500 4691 7091 8832 5428 5664 2424 2527 4800 4085 8563 2696 1949 9603 8179 3493 2275 7246 5178 2630
28 934 804 1060 5965 9636 294 1282 3040 5176 3481 7950 2370 5063 4925 7012 8190 9140 2113 2022 2515 4920 9605 1974 8555 6506 8225 4135 7774
28 1048 9248 1751 6509 2353 5307 4975 9133 2961 3212 8573 5818 3360 8925 512 3897 1537 8866 9875 6549 6126 897 6911 4584 5809 4827 6564 3531
28 8097 5703 6578 7922 780 4628 4069 674 1810 5100 546 9871 1796 9455 7167 3287 5958 7585 4451 657 1987 2579 5624 3800 9679 556 3872 4789
28 3423 2766 417 1417 6073 6766 4703 9939 2601 8593 753 6238 237 7043 1726 9050 4509 9528 2272 4863 725 1782 3910 889 1975 9463 7294 5690
28 3187 5326 2069 6871 6351 5797 1996 5457 8642 7415 9090 8350 7989 6291 6696 4113 1161 912 3569 5338 7904 2875 195 1470 6932 3226 4866 9527
28 746 4501 3656 3914 7867 9980 3703 1245 6218 9733 2799 7906 5018 7701 3944 7924 1828 4103 3007 8822 1478 5437 2978 3369 5569 5609 6217 233
28 2265 7222 7694 9042 8936 4817 8564 3830 980 1693 1435 8413 3849 8886 1171 1221 8773 9567 4133 8397 8030 8449 7666 7289 6783 3522 966 1627
28 7427 8644 8125 3921 3612 3716 473 4048 5570 9317 83 1880 5438 2551 7265 6432 222 2488 3263 5891 4234 293 312 818 8409 7002 6149 5674
28 6198 9440 7183 2526 7519 2101 9989 4315 2846 7135 3797 2897 6352 1314 1063 3400 335 7425 4016 3738 2002 8456 8940 8058 6654 8891 7537 2504
28 2378 3756 4057 6003 7650 4739 2609 3439 2525 619 4431 1069 3795 8007 7725 733 2568 1732 9518 7507 6662 3133 1841 8779 1798 9293 7322 9941
28 6229 2202 1816 3951 2841 7952 630 3934 5510 4334 3494 5106 9280 376 7656 6530 649 4404 8303 9028 786 7905 826 2990 6929 4237 4345 9204
28 681 8607 3534 6864 3524 684 3783 3587 5301 5407 8318 2656 6719 7346 1830 9830 6850 5773 8459 7160 7302 3676 6209 6324 3710 8918 2786 7134
28 8172 4474 1779 3866 2212 4530 1238 888 5935 4241 6574 1524 858 231 693 9810 3820 1213 2639 4928 3270 8075 8902 1237 8516 6881 6955 4977
28 1641 8590 7421 1499 3557 3049 8239 3803 2274 6666 7032 6434 6612 7588 2970 8168 52 5340 9473 6894 7085 4324 8706 737 2510 8959 7885 7540
28 9413 3492 4170 6032 952 3836 2129 9362 848 3545 4293 5791 387 1029 6175 3605 1225 481 7624 5676 7137 1989 7998 1957 731 3816 3769 9969
28 8424 9038 6093 7724 1024 2137 6618 6686 2983 597 8760 4591 5611 5073 5767 8713 7737 2299 2723 7366 5203 3591 3224 7644 2054 6184 2620 7899
28 7828 9692 8952 6756 6113 9963 3019 7960 3018 3908 1899 4344 7157 5122 3753 2034 5242 9465 4894 7504 767 6254 1112 7647 4479 1369 8240 849
28 601 4349 3051 9219 3845 4030 385 6744 9798 9634 4782 6773 1280 2534 5752 6119 9021 2307 6505 3789 9333 6723 8556 5812 5907 5543 4256 3107
28 4322 7794 281 7982 1597 6876 5351 6369 9781 4929 8215 1389 8512 2056 245 5622 1376 6487 1563 6529 5607 9972 8742 3459 6532 4698 5029 1298
28 558 23 1956 6155 1558 6844 8050 2410 2542 5687 1158 2548 7247 2817 9326 2256 64 5357 6789 4142 728 9486 3996 2962 9001 9748 8514 7348
28 4852 6956 4390 3333 1398 6322 8754 760 8848 2538 3110 636 1262 6749 4277 9794 297 2929 9316 3029 9298 6679 5380 3111 7100 5054 1106 2611
28 602 8504 4660 7020 4123 9391 5323 9310 4521 9818 9812 2643 3241 7290 2032 6644 6396 4752 2662 4725 5892 5872 5719 4490 2170 6029 7194 8465
28 3387 4949 5245 1205 9669 1923 9803 1302 7046 6364 3484 1988 9309 5909 1636 4727 7218 2690 8868 4606 9373 3469 4505 4531 6181 5667 1350 1177
28 3216 8152 2418 1926 5680 7865 7800 4745 8262 9376 1309 6693 7312 2428 6742 1832 381 8420 2596 3999 1814 267 7360 856 5633 9452 5915 1508
28 8450 3632 3533 7581 6102 6123 6727 1917 3777 9889 8369 6145 832 4617 5786 3343 5174 8269 992 9226 5004 4342 808 5582 9947 2441 1399 7559
28 1408 612 6151 9352 3702 6481 4730 8718 8518 2989 1837 8047 5441 7740 1838 4258 4843 2910 7314 9566 9493 7562 8647 6838 192 7553 8387 7260
28 1711 6425 6046 5516 5423 2167 1865 3904 8874 313 1228 6813 3246 4743 4669 388 4470 285 3142 6383 1922 2619 7019 2618 9563 2516 9697 9837
28 3873 9243 498 8733 2395 4567 1804 5296 9006 7062 2928 2382 1962 1103 5104 1456 8319 7975 976 5929 1703 1481 9201 2261 9542 5780 2456 8395
28 42 2795 544 3950 338 1236 6167 106 2832 4888 4544 2020 6780 1873 5804 4819 2945 2128 508 6004 9574 712 8836 399 3993 6823 1851 3436
28 7418 4805 1365 5377 7575 1217 6267 1433 261 620 1861 798 3819 8255 1453 3662 7733 7410 2362 6023 7193 2421 2883 4407 843 2902 5361 7641
28 8315 3482 9940 2396 5713 1760 1344 5390 7078 7450 9593 3453 855 4420 8490 7795 8519 2521 7373 935 9245 5221 8088 3237 9863 7843 4956 5486
